{"/Users/aaanerud/Documents/Utviklings_Prosjekter/Microsoft/MCP Microsoft Office/src/api/api-context.js": {"path":"/Users/aaanerud/Documents/Utviklings_Prosjekter/Microsoft/MCP Microsoft Office/src/api/api-context.js","statementMap":{"0":{"start":{"line":6,"column":23},"end":{"line":6,"column":60}},"1":{"start":{"line":7,"column":19},"end":{"line":7,"column":45}},"2":{"start":{"line":8,"column":23},"end":{"line":8,"column":53}},"3":{"start":{"line":9,"column":20},"end":{"line":9,"column":47}},"4":{"start":{"line":10,"column":21},"end":{"line":10,"column":53}},"5":{"start":{"line":11,"column":21},"end":{"line":11,"column":53}},"6":{"start":{"line":12,"column":21},"end":{"line":12,"column":53}},"7":{"start":{"line":15,"column":19},"end":{"line":15,"column":80}},"8":{"start":{"line":16,"column":23},"end":{"line":16,"column":88}},"9":{"start":{"line":17,"column":20},"end":{"line":17,"column":68}},"10":{"start":{"line":20,"column":0},"end":{"line":20,"column":42}},"11":{"start":{"line":21,"column":0},"end":{"line":21,"column":46}},"12":{"start":{"line":22,"column":0},"end":{"line":22,"column":43}},"13":{"start":{"line":24,"column":0},"end":{"line":32,"column":2}}},"fnMap":{},"branchMap":{},"s":{"0":2,"1":2,"2":2,"3":2,"4":2,"5":2,"6":2,"7":2,"8":2,"9":2,"10":2,"11":2,"12":2,"13":2},"f":{},"b":{},"_coverageSchema":"1a1c01bbd47fc00a2c39e90264f33305004495a9","hash":"f8f004fc04f001a9288059b6ba454542ffef22c6"}
,"/Users/aaanerud/Documents/Utviklings_Prosjekter/Microsoft/MCP Microsoft Office/src/api/routes.js": {"path":"/Users/aaanerud/Documents/Utviklings_Prosjekter/Microsoft/MCP Microsoft Office/src/api/routes.js","statementMap":{"0":{"start":{"line":6,"column":16},"end":{"line":6,"column":34}},"1":{"start":{"line":7,"column":31},"end":{"line":7,"column":72}},"2":{"start":{"line":8,"column":30},"end":{"line":8,"column":70}},"3":{"start":{"line":9,"column":34},"end":{"line":9,"column":78}},"4":{"start":{"line":10,"column":31},"end":{"line":10,"column":72}},"5":{"start":{"line":11,"column":24},"end":{"line":11,"column":63}},"6":{"start":{"line":12,"column":19},"end":{"line":12,"column":43}},"7":{"start":{"line":20,"column":4},"end":{"line":22,"column":7}},"8":{"start":{"line":21,"column":8},"end":{"line":21,"column":35}},"9":{"start":{"line":24,"column":15},"end":{"line":24,"column":31}},"10":{"start":{"line":25,"column":4},"end":{"line":25,"column":24}},"11":{"start":{"line":28,"column":27},"end":{"line":28,"column":87}},"12":{"start":{"line":29,"column":31},"end":{"line":29,"column":103}},"13":{"start":{"line":30,"column":28},"end":{"line":30,"column":91}},"14":{"start":{"line":31,"column":28},"end":{"line":35,"column":6}},"15":{"start":{"line":38,"column":4},"end":{"line":38,"column":51}},"16":{"start":{"line":41,"column":4},"end":{"line":41,"column":44}},"17":{"start":{"line":42,"column":4},"end":{"line":42,"column":51}},"18":{"start":{"line":45,"column":4},"end":{"line":45,"column":54}},"19":{"start":{"line":46,"column":4},"end":{"line":46,"column":64}},"20":{"start":{"line":49,"column":4},"end":{"line":49,"column":48}},"21":{"start":{"line":50,"column":4},"end":{"line":50,"column":57}},"22":{"start":{"line":53,"column":4},"end":{"line":53,"column":26}},"23":{"start":{"line":56,"column":0},"end":{"line":56,"column":36}}},"fnMap":{"0":{"name":"registerRoutes","decl":{"start":{"line":18,"column":9},"end":{"line":18,"column":23}},"loc":{"start":{"line":18,"column":32},"end":{"line":54,"column":1}},"line":18},"1":{"name":"(anonymous_1)","decl":{"start":{"line":20,"column":26},"end":{"line":20,"column":27}},"loc":{"start":{"line":20,"column":40},"end":{"line":22,"column":5}},"line":20}},"branchMap":{},"s":{"0":2,"1":2,"2":2,"3":2,"4":2,"5":2,"6":2,"7":4,"8":1,"9":4,"10":4,"11":4,"12":4,"13":4,"14":4,"15":4,"16":4,"17":4,"18":4,"19":4,"20":4,"21":4,"22":4,"23":2},"f":{"0":4,"1":1},"b":{},"_coverageSchema":"1a1c01bbd47fc00a2c39e90264f33305004495a9","hash":"154adcfb84a69fa05cd3a4a1a0e28aab882992c9"}
,"/Users/aaanerud/Documents/Utviklings_Prosjekter/Microsoft/MCP Microsoft Office/src/api/controllers/calendar-controller.js": {"path":"/Users/aaanerud/Documents/Utviklings_Prosjekter/Microsoft/MCP Microsoft Office/src/api/controllers/calendar-controller.js","statementMap":{"0":{"start":{"line":5,"column":12},"end":{"line":5,"column":26}},"1":{"start":{"line":6,"column":21},"end":{"line":6,"column":56}},"2":{"start":{"line":12,"column":0},"end":{"line":57,"column":3}},"3":{"start":{"line":12,"column":42},"end":{"line":57,"column":1}},"4":{"start":{"line":17,"column":8},"end":{"line":27,"column":9}},"5":{"start":{"line":19,"column":27},"end":{"line":22,"column":14}},"6":{"start":{"line":23,"column":12},"end":{"line":23,"column":29}},"7":{"start":{"line":25,"column":29},"end":{"line":25,"column":104}},"8":{"start":{"line":26,"column":12},"end":{"line":26,"column":62}},"9":{"start":{"line":34,"column":28},"end":{"line":44,"column":10}},"10":{"start":{"line":45,"column":8},"end":{"line":55,"column":9}},"11":{"start":{"line":46,"column":37},"end":{"line":46,"column":67}},"12":{"start":{"line":47,"column":12},"end":{"line":49,"column":13}},"13":{"start":{"line":48,"column":16},"end":{"line":48,"column":98}},"14":{"start":{"line":50,"column":27},"end":{"line":50,"column":66}},"15":{"start":{"line":51,"column":12},"end":{"line":51,"column":29}},"16":{"start":{"line":53,"column":29},"end":{"line":53,"column":104}},"17":{"start":{"line":54,"column":12},"end":{"line":54,"column":62}}},"fnMap":{"0":{"name":"(anonymous_0)","decl":{"start":{"line":12,"column":17},"end":{"line":12,"column":18}},"loc":{"start":{"line":12,"column":42},"end":{"line":57,"column":1}},"line":12},"1":{"name":"(anonymous_1)","decl":{"start":{"line":16,"column":4},"end":{"line":16,"column":5}},"loc":{"start":{"line":16,"column":30},"end":{"line":28,"column":5}},"line":16},"2":{"name":"(anonymous_2)","decl":{"start":{"line":32,"column":4},"end":{"line":32,"column":5}},"loc":{"start":{"line":32,"column":32},"end":{"line":56,"column":5}},"line":32}},"branchMap":{"0":{"loc":{"start":{"line":20,"column":21},"end":{"line":20,"column":50}},"type":"binary-expr","locations":[{"start":{"line":20,"column":21},"end":{"line":20,"column":44}},{"start":{"line":20,"column":48},"end":{"line":20,"column":50}}],"line":20},"1":{"loc":{"start":{"line":47,"column":12},"end":{"line":49,"column":13}},"type":"if","locations":[{"start":{"line":47,"column":12},"end":{"line":49,"column":13}},{"start":{},"end":{}}],"line":47}},"s":{"0":3,"1":3,"2":3,"3":8,"4":1,"5":1,"6":1,"7":0,"8":0,"9":3,"10":3,"11":3,"12":3,"13":1,"14":2,"15":1,"16":1,"17":1},"f":{"0":8,"1":1,"2":3},"b":{"0":[1,1],"1":[1,2]},"_coverageSchema":"1a1c01bbd47fc00a2c39e90264f33305004495a9","hash":"3730efeaf15c3c01a323ed2ff4ee3a828f783c62"}
,"/Users/aaanerud/Documents/Utviklings_Prosjekter/Microsoft/MCP Microsoft Office/src/api/controllers/files-controller.js": {"path":"/Users/aaanerud/Documents/Utviklings_Prosjekter/Microsoft/MCP Microsoft Office/src/api/controllers/files-controller.js","statementMap":{"0":{"start":{"line":5,"column":12},"end":{"line":5,"column":26}},"1":{"start":{"line":6,"column":21},"end":{"line":6,"column":56}},"2":{"start":{"line":12,"column":0},"end":{"line":49,"column":3}},"3":{"start":{"line":12,"column":39},"end":{"line":49,"column":1}},"4":{"start":{"line":17,"column":8},"end":{"line":26,"column":9}},"5":{"start":{"line":19,"column":26},"end":{"line":21,"column":14}},"6":{"start":{"line":22,"column":12},"end":{"line":22,"column":28}},"7":{"start":{"line":24,"column":29},"end":{"line":24,"column":104}},"8":{"start":{"line":25,"column":12},"end":{"line":25,"column":62}},"9":{"start":{"line":33,"column":33},"end":{"line":36,"column":10}},"10":{"start":{"line":37,"column":8},"end":{"line":47,"column":9}},"11":{"start":{"line":38,"column":37},"end":{"line":38,"column":72}},"12":{"start":{"line":39,"column":12},"end":{"line":41,"column":13}},"13":{"start":{"line":40,"column":16},"end":{"line":40,"column":98}},"14":{"start":{"line":42,"column":27},"end":{"line":42,"column":62}},"15":{"start":{"line":43,"column":12},"end":{"line":43,"column":29}},"16":{"start":{"line":45,"column":29},"end":{"line":45,"column":104}},"17":{"start":{"line":46,"column":12},"end":{"line":46,"column":62}}},"fnMap":{"0":{"name":"(anonymous_0)","decl":{"start":{"line":12,"column":17},"end":{"line":12,"column":18}},"loc":{"start":{"line":12,"column":39},"end":{"line":49,"column":1}},"line":12},"1":{"name":"(anonymous_1)","decl":{"start":{"line":16,"column":4},"end":{"line":16,"column":5}},"loc":{"start":{"line":16,"column":30},"end":{"line":27,"column":5}},"line":16},"2":{"name":"(anonymous_2)","decl":{"start":{"line":31,"column":4},"end":{"line":31,"column":5}},"loc":{"start":{"line":31,"column":31},"end":{"line":48,"column":5}},"line":31}},"branchMap":{"0":{"loc":{"start":{"line":39,"column":12},"end":{"line":41,"column":13}},"type":"if","locations":[{"start":{"line":39,"column":12},"end":{"line":41,"column":13}},{"start":{},"end":{}}],"line":39}},"s":{"0":3,"1":3,"2":3,"3":8,"4":1,"5":1,"6":1,"7":0,"8":0,"9":3,"10":3,"11":3,"12":3,"13":1,"14":2,"15":1,"16":1,"17":1},"f":{"0":8,"1":1,"2":3},"b":{"0":[1,2]},"_coverageSchema":"1a1c01bbd47fc00a2c39e90264f33305004495a9","hash":"8cf5cb4dd20d48f3d1924c16b0bcb7dea896e84b"}
,"/Users/aaanerud/Documents/Utviklings_Prosjekter/Microsoft/MCP Microsoft Office/src/api/controllers/mail-controller.js": {"path":"/Users/aaanerud/Documents/Utviklings_Prosjekter/Microsoft/MCP Microsoft Office/src/api/controllers/mail-controller.js","statementMap":{"0":{"start":{"line":5,"column":12},"end":{"line":5,"column":26}},"1":{"start":{"line":6,"column":21},"end":{"line":6,"column":56}},"2":{"start":{"line":12,"column":0},"end":{"line":54,"column":3}},"3":{"start":{"line":12,"column":38},"end":{"line":54,"column":1}},"4":{"start":{"line":17,"column":8},"end":{"line":27,"column":9}},"5":{"start":{"line":19,"column":29},"end":{"line":22,"column":14}},"6":{"start":{"line":23,"column":12},"end":{"line":23,"column":31}},"7":{"start":{"line":25,"column":29},"end":{"line":25,"column":104}},"8":{"start":{"line":26,"column":12},"end":{"line":26,"column":62}},"9":{"start":{"line":34,"column":31},"end":{"line":41,"column":10}},"10":{"start":{"line":42,"column":8},"end":{"line":52,"column":9}},"11":{"start":{"line":43,"column":37},"end":{"line":43,"column":70}},"12":{"start":{"line":44,"column":12},"end":{"line":46,"column":13}},"13":{"start":{"line":45,"column":16},"end":{"line":45,"column":98}},"14":{"start":{"line":47,"column":27},"end":{"line":47,"column":59}},"15":{"start":{"line":48,"column":12},"end":{"line":48,"column":29}},"16":{"start":{"line":50,"column":29},"end":{"line":50,"column":104}},"17":{"start":{"line":51,"column":12},"end":{"line":51,"column":62}}},"fnMap":{"0":{"name":"(anonymous_0)","decl":{"start":{"line":12,"column":17},"end":{"line":12,"column":18}},"loc":{"start":{"line":12,"column":38},"end":{"line":54,"column":1}},"line":12},"1":{"name":"(anonymous_1)","decl":{"start":{"line":16,"column":4},"end":{"line":16,"column":5}},"loc":{"start":{"line":16,"column":28},"end":{"line":28,"column":5}},"line":16},"2":{"name":"(anonymous_2)","decl":{"start":{"line":32,"column":4},"end":{"line":32,"column":5}},"loc":{"start":{"line":32,"column":29},"end":{"line":53,"column":5}},"line":32}},"branchMap":{"0":{"loc":{"start":{"line":20,"column":21},"end":{"line":20,"column":50}},"type":"binary-expr","locations":[{"start":{"line":20,"column":21},"end":{"line":20,"column":44}},{"start":{"line":20,"column":48},"end":{"line":20,"column":50}}],"line":20},"1":{"loc":{"start":{"line":44,"column":12},"end":{"line":46,"column":13}},"type":"if","locations":[{"start":{"line":44,"column":12},"end":{"line":46,"column":13}},{"start":{},"end":{}}],"line":44}},"s":{"0":3,"1":3,"2":3,"3":8,"4":1,"5":1,"6":1,"7":0,"8":0,"9":3,"10":3,"11":3,"12":3,"13":1,"14":2,"15":1,"16":1,"17":1},"f":{"0":8,"1":1,"2":3},"b":{"0":[1,1],"1":[1,2]},"_coverageSchema":"1a1c01bbd47fc00a2c39e90264f33305004495a9","hash":"2a76c9c52916d458ace0d2624e5a74f9561e23af"}
,"/Users/aaanerud/Documents/Utviklings_Prosjekter/Microsoft/MCP Microsoft Office/src/api/controllers/query-controller.js": {"path":"/Users/aaanerud/Documents/Utviklings_Prosjekter/Microsoft/MCP Microsoft Office/src/api/controllers/query-controller.js","statementMap":{"0":{"start":{"line":5,"column":12},"end":{"line":5,"column":26}},"1":{"start":{"line":7,"column":20},"end":{"line":9,"column":2}},"2":{"start":{"line":15,"column":0},"end":{"line":41,"column":3}},"3":{"start":{"line":15,"column":66},"end":{"line":41,"column":1}},"4":{"start":{"line":22,"column":8},"end":{"line":39,"column":9}},"5":{"start":{"line":23,"column":37},"end":{"line":23,"column":67}},"6":{"start":{"line":24,"column":12},"end":{"line":26,"column":13}},"7":{"start":{"line":25,"column":16},"end":{"line":25,"column":98}},"8":{"start":{"line":28,"column":30},"end":{"line":28,"column":81}},"9":{"start":{"line":30,"column":12},"end":{"line":33,"column":15}},"10":{"start":{"line":34,"column":24},"end":{"line":34,"column":64}},"11":{"start":{"line":35,"column":12},"end":{"line":35,"column":60}},"12":{"start":{"line":37,"column":29},"end":{"line":37,"column":104}},"13":{"start":{"line":38,"column":12},"end":{"line":38,"column":62}}},"fnMap":{"0":{"name":"(anonymous_0)","decl":{"start":{"line":15,"column":17},"end":{"line":15,"column":18}},"loc":{"start":{"line":15,"column":66},"end":{"line":41,"column":1}},"line":15},"1":{"name":"(anonymous_1)","decl":{"start":{"line":21,"column":4},"end":{"line":21,"column":5}},"loc":{"start":{"line":21,"column":32},"end":{"line":40,"column":5}},"line":21}},"branchMap":{"0":{"loc":{"start":{"line":24,"column":12},"end":{"line":26,"column":13}},"type":"if","locations":[{"start":{"line":24,"column":12},"end":{"line":26,"column":13}},{"start":{},"end":{}}],"line":24}},"s":{"0":3,"1":3,"2":3,"3":7,"4":3,"5":3,"6":3,"7":1,"8":2,"9":1,"10":1,"11":1,"12":1,"13":1},"f":{"0":7,"1":3},"b":{"0":[1,2]},"_coverageSchema":"1a1c01bbd47fc00a2c39e90264f33305004495a9","hash":"7fe0cb1b2e56a4bd83d42748f73041620f4cc674"}
,"/Users/aaanerud/Documents/Utviklings_Prosjekter/Microsoft/MCP Microsoft Office/src/api/middleware/auth-middleware.js": {"path":"/Users/aaanerud/Documents/Utviklings_Prosjekter/Microsoft/MCP Microsoft Office/src/api/middleware/auth-middleware.js","statementMap":{"0":{"start":{"line":6,"column":20},"end":{"line":6,"column":54}},"1":{"start":{"line":13,"column":4},"end":{"line":28,"column":5}},"2":{"start":{"line":14,"column":27},"end":{"line":14,"column":58}},"3":{"start":{"line":15,"column":22},"end":{"line":15,"column":59}},"4":{"start":{"line":16,"column":8},"end":{"line":18,"column":9}},"5":{"start":{"line":17,"column":12},"end":{"line":17,"column":73}},"6":{"start":{"line":20,"column":22},"end":{"line":20,"column":62}},"7":{"start":{"line":21,"column":8},"end":{"line":23,"column":9}},"8":{"start":{"line":22,"column":12},"end":{"line":22,"column":79}},"9":{"start":{"line":24,"column":8},"end":{"line":24,"column":61}},"10":{"start":{"line":25,"column":8},"end":{"line":25,"column":15}},"11":{"start":{"line":27,"column":8},"end":{"line":27,"column":65}},"12":{"start":{"line":31,"column":0},"end":{"line":31,"column":33}}},"fnMap":{"0":{"name":"requireAuth","decl":{"start":{"line":12,"column":15},"end":{"line":12,"column":26}},"loc":{"start":{"line":12,"column":43},"end":{"line":29,"column":1}},"line":12}},"branchMap":{"0":{"loc":{"start":{"line":14,"column":27},"end":{"line":14,"column":58}},"type":"binary-expr","locations":[{"start":{"line":14,"column":27},"end":{"line":14,"column":52}},{"start":{"line":14,"column":56},"end":{"line":14,"column":58}}],"line":14},"1":{"loc":{"start":{"line":16,"column":8},"end":{"line":18,"column":9}},"type":"if","locations":[{"start":{"line":16,"column":8},"end":{"line":18,"column":9}},{"start":{},"end":{}}],"line":16},"2":{"loc":{"start":{"line":21,"column":8},"end":{"line":23,"column":9}},"type":"if","locations":[{"start":{"line":21,"column":8},"end":{"line":23,"column":9}},{"start":{},"end":{}}],"line":21}},"s":{"0":2,"1":1,"2":1,"3":1,"4":1,"5":1,"6":0,"7":0,"8":0,"9":0,"10":0,"11":0,"12":2},"f":{"0":1},"b":{"0":[1,1],"1":[1,0],"2":[0,0]},"_coverageSchema":"1a1c01bbd47fc00a2c39e90264f33305004495a9","hash":"9d6c1121b785046a1c6c091a16faff7752124d63"}
,"/Users/aaanerud/Documents/Utviklings_Prosjekter/Microsoft/MCP Microsoft Office/src/core/auth-service.js": {"path":"/Users/aaanerud/Documents/Utviklings_Prosjekter/Microsoft/MCP Microsoft Office/src/core/auth-service.js","statementMap":{"0":{"start":{"line":8,"column":23},"end":{"line":8,"column":51}},"1":{"start":{"line":10,"column":18},"end":{"line":10,"column":30}},"2":{"start":{"line":19,"column":4},"end":{"line":21,"column":5}},"3":{"start":{"line":20,"column":8},"end":{"line":20,"column":69}},"4":{"start":{"line":22,"column":4},"end":{"line":22,"column":53}},"5":{"start":{"line":30,"column":4},"end":{"line":30,"column":53}},"6":{"start":{"line":38,"column":18},"end":{"line":38,"column":34}},"7":{"start":{"line":39,"column":4},"end":{"line":39,"column":66}},"8":{"start":{"line":47,"column":4},"end":{"line":47,"column":50}},"9":{"start":{"line":50,"column":0},"end":{"line":55,"column":2}}},"fnMap":{"0":{"name":"setToken","decl":{"start":{"line":18,"column":15},"end":{"line":18,"column":23}},"loc":{"start":{"line":18,"column":31},"end":{"line":23,"column":1}},"line":18},"1":{"name":"getToken","decl":{"start":{"line":29,"column":15},"end":{"line":29,"column":23}},"loc":{"start":{"line":29,"column":26},"end":{"line":31,"column":1}},"line":29},"2":{"name":"isAuthenticated","decl":{"start":{"line":37,"column":15},"end":{"line":37,"column":30}},"loc":{"start":{"line":37,"column":33},"end":{"line":40,"column":1}},"line":37},"3":{"name":"clearToken","decl":{"start":{"line":46,"column":15},"end":{"line":46,"column":25}},"loc":{"start":{"line":46,"column":28},"end":{"line":48,"column":1}},"line":46}},"branchMap":{"0":{"loc":{"start":{"line":19,"column":4},"end":{"line":21,"column":5}},"type":"if","locations":[{"start":{"line":19,"column":4},"end":{"line":21,"column":5}},{"start":{},"end":{}}],"line":19},"1":{"loc":{"start":{"line":19,"column":8},"end":{"line":19,"column":60}},"type":"binary-expr","locations":[{"start":{"line":19,"column":8},"end":{"line":19,"column":14}},{"start":{"line":19,"column":18},"end":{"line":19,"column":43}},{"start":{"line":19,"column":47},"end":{"line":19,"column":60}}],"line":19},"2":{"loc":{"start":{"line":39,"column":14},"end":{"line":39,"column":64}},"type":"binary-expr","locations":[{"start":{"line":39,"column":14},"end":{"line":39,"column":19}},{"start":{"line":39,"column":23},"end":{"line":39,"column":48}},{"start":{"line":39,"column":52},"end":{"line":39,"column":64}}],"line":39}},"s":{"0":7,"1":7,"2":3,"3":2,"4":1,"5":3,"6":2,"7":2,"8":1,"9":7},"f":{"0":3,"1":3,"2":2,"3":1},"b":{"0":[2,1],"1":[3,1,1],"2":[2,1,1]},"_coverageSchema":"1a1c01bbd47fc00a2c39e90264f33305004495a9","hash":"961c9fbdd4db403aee29add678343946ebc4e54d"}
,"/Users/aaanerud/Documents/Utviklings_Prosjekter/Microsoft/MCP Microsoft Office/src/core/cache-service.js": {"path":"/Users/aaanerud/Documents/Utviklings_Prosjekter/Microsoft/MCP Microsoft Office/src/core/cache-service.js","statementMap":{"0":{"start":{"line":6,"column":20},"end":{"line":6,"column":24}},"1":{"start":{"line":10,"column":8},"end":{"line":10,"column":32}},"2":{"start":{"line":11,"column":8},"end":{"line":11,"column":35}},"3":{"start":{"line":12,"column":8},"end":{"line":12,"column":66}},"4":{"start":{"line":21,"column":22},"end":{"line":21,"column":42}},"5":{"start":{"line":22,"column":8},"end":{"line":25,"column":9}},"6":{"start":{"line":23,"column":12},"end":{"line":23,"column":33}},"7":{"start":{"line":24,"column":12},"end":{"line":24,"column":24}},"8":{"start":{"line":26,"column":8},"end":{"line":30,"column":9}},"9":{"start":{"line":27,"column":12},"end":{"line":27,"column":39}},"10":{"start":{"line":28,"column":12},"end":{"line":28,"column":33}},"11":{"start":{"line":29,"column":12},"end":{"line":29,"column":24}},"12":{"start":{"line":31,"column":8},"end":{"line":31,"column":27}},"13":{"start":{"line":32,"column":8},"end":{"line":32,"column":27}},"14":{"start":{"line":43,"column":8},"end":{"line":43,"column":35}},"15":{"start":{"line":44,"column":23},"end":{"line":44,"column":46}},"16":{"start":{"line":45,"column":8},"end":{"line":45,"column":48}},"17":{"start":{"line":46,"column":8},"end":{"line":46,"column":27}},"18":{"start":{"line":48,"column":24},"end":{"line":50,"column":22}},"19":{"start":{"line":49,"column":12},"end":{"line":49,"column":33}},"20":{"start":{"line":51,"column":8},"end":{"line":51,"column":41}},"21":{"start":{"line":60,"column":8},"end":{"line":63,"column":9}},"22":{"start":{"line":61,"column":12},"end":{"line":61,"column":36}},"23":{"start":{"line":62,"column":12},"end":{"line":62,"column":34}},"24":{"start":{"line":64,"column":8},"end":{"line":67,"column":9}},"25":{"start":{"line":65,"column":12},"end":{"line":65,"column":50}},"26":{"start":{"line":66,"column":12},"end":{"line":66,"column":39}},"27":{"start":{"line":75,"column":8},"end":{"line":75,"column":58}},"28":{"start":{"line":83,"column":8},"end":{"line":85,"column":9}},"29":{"start":{"line":84,"column":12},"end":{"line":84,"column":39}},"30":{"start":{"line":89,"column":0},"end":{"line":89,"column":36}}},"fnMap":{"0":{"name":"(anonymous_0)","decl":{"start":{"line":9,"column":4},"end":{"line":9,"column":5}},"loc":{"start":{"line":9,"column":18},"end":{"line":13,"column":5}},"line":9},"1":{"name":"(anonymous_1)","decl":{"start":{"line":20,"column":4},"end":{"line":20,"column":5}},"loc":{"start":{"line":20,"column":19},"end":{"line":33,"column":5}},"line":20},"2":{"name":"(anonymous_2)","decl":{"start":{"line":42,"column":4},"end":{"line":42,"column":5}},"loc":{"start":{"line":42,"column":45},"end":{"line":52,"column":5}},"line":42},"3":{"name":"(anonymous_3)","decl":{"start":{"line":48,"column":35},"end":{"line":48,"column":36}},"loc":{"start":{"line":48,"column":41},"end":{"line":50,"column":9}},"line":48},"4":{"name":"(anonymous_4)","decl":{"start":{"line":59,"column":4},"end":{"line":59,"column":5}},"loc":{"start":{"line":59,"column":26},"end":{"line":68,"column":5}},"line":59},"5":{"name":"(anonymous_5)","decl":{"start":{"line":74,"column":4},"end":{"line":74,"column":5}},"loc":{"start":{"line":74,"column":18},"end":{"line":76,"column":5}},"line":74},"6":{"name":"(anonymous_6)","decl":{"start":{"line":82,"column":4},"end":{"line":82,"column":5}},"loc":{"start":{"line":82,"column":18},"end":{"line":86,"column":5}},"line":82}},"branchMap":{"0":{"loc":{"start":{"line":22,"column":8},"end":{"line":25,"column":9}},"type":"if","locations":[{"start":{"line":22,"column":8},"end":{"line":25,"column":9}},{"start":{},"end":{}}],"line":22},"1":{"loc":{"start":{"line":26,"column":8},"end":{"line":30,"column":9}},"type":"if","locations":[{"start":{"line":26,"column":8},"end":{"line":30,"column":9}},{"start":{},"end":{}}],"line":26},"2":{"loc":{"start":{"line":42,"column":26},"end":{"line":42,"column":43}},"type":"default-arg","locations":[{"start":{"line":42,"column":32},"end":{"line":42,"column":43}}],"line":42},"3":{"loc":{"start":{"line":60,"column":8},"end":{"line":63,"column":9}},"type":"if","locations":[{"start":{"line":60,"column":8},"end":{"line":63,"column":9}},{"start":{},"end":{}}],"line":60},"4":{"loc":{"start":{"line":64,"column":8},"end":{"line":67,"column":9}},"type":"if","locations":[{"start":{"line":64,"column":8},"end":{"line":67,"column":9}},{"start":{},"end":{}}],"line":64}},"s":{"0":3,"1":3,"2":3,"3":3,"4":6,"5":6,"6":3,"7":3,"8":3,"9":0,"10":0,"11":0,"12":3,"13":3,"14":4,"15":4,"16":4,"17":4,"18":4,"19":1,"20":4,"21":8,"22":4,"23":4,"24":8,"25":4,"26":4,"27":1,"28":4,"29":1,"30":3},"f":{"0":3,"1":6,"2":4,"3":1,"4":8,"5":1,"6":4},"b":{"0":[3,3],"1":[0,3],"2":[0],"3":[4,4],"4":[4,4]},"_coverageSchema":"1a1c01bbd47fc00a2c39e90264f33305004495a9","hash":"cb49a4b4076bb68504c099be08718aaa85de06f1"}
,"/Users/aaanerud/Documents/Utviklings_Prosjekter/Microsoft/MCP Microsoft Office/src/core/context-service.js": {"path":"/Users/aaanerud/Documents/Utviklings_Prosjekter/Microsoft/MCP Microsoft Office/src/core/context-service.js","statementMap":{"0":{"start":{"line":12,"column":8},"end":{"line":12,"column":45}},"1":{"start":{"line":13,"column":8},"end":{"line":20,"column":10}},"2":{"start":{"line":30,"column":8},"end":{"line":33,"column":9}},"3":{"start":{"line":32,"column":12},"end":{"line":32,"column":117}},"4":{"start":{"line":34,"column":8},"end":{"line":39,"column":9}},"5":{"start":{"line":35,"column":12},"end":{"line":35,"column":61}},"6":{"start":{"line":36,"column":15},"end":{"line":39,"column":9}},"7":{"start":{"line":38,"column":12},"end":{"line":38,"column":81}},"8":{"start":{"line":40,"column":8},"end":{"line":40,"column":45}},"9":{"start":{"line":41,"column":8},"end":{"line":41,"column":37}},"10":{"start":{"line":49,"column":8},"end":{"line":52,"column":9}},"11":{"start":{"line":50,"column":27},"end":{"line":50,"column":74}},"12":{"start":{"line":51,"column":12},"end":{"line":51,"column":72}},"13":{"start":{"line":51,"column":24},"end":{"line":51,"column":72}},"14":{"start":{"line":53,"column":8},"end":{"line":53,"column":36}},"15":{"start":{"line":64,"column":22},"end":{"line":69,"column":9}},"16":{"start":{"line":70,"column":8},"end":{"line":70,"column":54}},"17":{"start":{"line":71,"column":8},"end":{"line":73,"column":9}},"18":{"start":{"line":72,"column":12},"end":{"line":72,"column":62}},"19":{"start":{"line":74,"column":8},"end":{"line":74,"column":37}},"20":{"start":{"line":83,"column":8},"end":{"line":85,"column":9}},"21":{"start":{"line":84,"column":12},"end":{"line":84,"column":63}},"22":{"start":{"line":86,"column":8},"end":{"line":86,"column":63}},"23":{"start":{"line":94,"column":8},"end":{"line":101,"column":10}},"24":{"start":{"line":102,"column":8},"end":{"line":104,"column":9}},"25":{"start":{"line":103,"column":12},"end":{"line":103,"column":65}},"26":{"start":{"line":105,"column":8},"end":{"line":105,"column":37}},"27":{"start":{"line":113,"column":23},"end":{"line":113,"column":34}},"28":{"start":{"line":114,"column":8},"end":{"line":121,"column":9}},"29":{"start":{"line":115,"column":12},"end":{"line":115,"column":47}},"30":{"start":{"line":115,"column":30},"end":{"line":115,"column":47}},"31":{"start":{"line":116,"column":12},"end":{"line":120,"column":13}},"32":{"start":{"line":117,"column":16},"end":{"line":117,"column":57}},"33":{"start":{"line":119,"column":16},"end":{"line":119,"column":40}},"34":{"start":{"line":123,"column":8},"end":{"line":125,"column":9}},"35":{"start":{"line":124,"column":12},"end":{"line":124,"column":111}},"36":{"start":{"line":124,"column":66},"end":{"line":124,"column":83}},"37":{"start":{"line":124,"column":96},"end":{"line":124,"column":109}},"38":{"start":{"line":126,"column":8},"end":{"line":126,"column":22}},"39":{"start":{"line":134,"column":8},"end":{"line":134,"column":33}},"40":{"start":{"line":134,"column":21},"end":{"line":134,"column":33}},"41":{"start":{"line":135,"column":8},"end":{"line":135,"column":56}},"42":{"start":{"line":135,"column":40},"end":{"line":135,"column":56}},"43":{"start":{"line":136,"column":8},"end":{"line":136,"column":62}},"44":{"start":{"line":136,"column":44},"end":{"line":136,"column":62}},"45":{"start":{"line":137,"column":8},"end":{"line":137,"column":58}},"46":{"start":{"line":137,"column":43},"end":{"line":137,"column":58}},"47":{"start":{"line":138,"column":8},"end":{"line":138,"column":22}},"48":{"start":{"line":146,"column":8},"end":{"line":148,"column":9}},"49":{"start":{"line":147,"column":12},"end":{"line":147,"column":75}},"50":{"start":{"line":152,"column":0},"end":{"line":152,"column":32}}},"fnMap":{"0":{"name":"(anonymous_0)","decl":{"start":{"line":11,"column":4},"end":{"line":11,"column":5}},"loc":{"start":{"line":11,"column":32},"end":{"line":21,"column":5}},"line":11},"1":{"name":"(anonymous_1)","decl":{"start":{"line":28,"column":4},"end":{"line":28,"column":5}},"loc":{"start":{"line":28,"column":32},"end":{"line":42,"column":5}},"line":28},"2":{"name":"(anonymous_2)","decl":{"start":{"line":48,"column":4},"end":{"line":48,"column":5}},"loc":{"start":{"line":48,"column":30},"end":{"line":54,"column":5}},"line":48},"3":{"name":"(anonymous_3)","decl":{"start":{"line":63,"column":4},"end":{"line":63,"column":5}},"loc":{"start":{"line":63,"column":51},"end":{"line":75,"column":5}},"line":63},"4":{"name":"(anonymous_4)","decl":{"start":{"line":82,"column":4},"end":{"line":82,"column":5}},"loc":{"start":{"line":82,"column":45},"end":{"line":87,"column":5}},"line":82},"5":{"name":"(anonymous_5)","decl":{"start":{"line":93,"column":4},"end":{"line":93,"column":5}},"loc":{"start":{"line":93,"column":25},"end":{"line":106,"column":5}},"line":93},"6":{"name":"(anonymous_6)","decl":{"start":{"line":112,"column":4},"end":{"line":112,"column":5}},"loc":{"start":{"line":112,"column":31},"end":{"line":127,"column":5}},"line":112},"7":{"name":"(anonymous_7)","decl":{"start":{"line":124,"column":61},"end":{"line":124,"column":62}},"loc":{"start":{"line":124,"column":66},"end":{"line":124,"column":83}},"line":124},"8":{"name":"(anonymous_8)","decl":{"start":{"line":124,"column":91},"end":{"line":124,"column":92}},"loc":{"start":{"line":124,"column":96},"end":{"line":124,"column":109}},"line":124},"9":{"name":"(anonymous_9)","decl":{"start":{"line":133,"column":4},"end":{"line":133,"column":5}},"loc":{"start":{"line":133,"column":25},"end":{"line":139,"column":5}},"line":133},"10":{"name":"(anonymous_10)","decl":{"start":{"line":145,"column":4},"end":{"line":145,"column":5}},"loc":{"start":{"line":145,"column":28},"end":{"line":149,"column":5}},"line":145}},"branchMap":{"0":{"loc":{"start":{"line":30,"column":8},"end":{"line":33,"column":9}},"type":"if","locations":[{"start":{"line":30,"column":8},"end":{"line":33,"column":9}},{"start":{},"end":{}}],"line":30},"1":{"loc":{"start":{"line":34,"column":8},"end":{"line":39,"column":9}},"type":"if","locations":[{"start":{"line":34,"column":8},"end":{"line":39,"column":9}},{"start":{"line":36,"column":15},"end":{"line":39,"column":9}}],"line":34},"2":{"loc":{"start":{"line":36,"column":15},"end":{"line":39,"column":9}},"type":"if","locations":[{"start":{"line":36,"column":15},"end":{"line":39,"column":9}},{"start":{},"end":{}}],"line":36},"3":{"loc":{"start":{"line":49,"column":8},"end":{"line":52,"column":9}},"type":"if","locations":[{"start":{"line":49,"column":8},"end":{"line":52,"column":9}},{"start":{},"end":{}}],"line":49},"4":{"loc":{"start":{"line":49,"column":12},"end":{"line":49,"column":87}},"type":"binary-expr","locations":[{"start":{"line":49,"column":12},"end":{"line":49,"column":31}},{"start":{"line":49,"column":35},"end":{"line":49,"column":87}}],"line":49},"5":{"loc":{"start":{"line":51,"column":12},"end":{"line":51,"column":72}},"type":"if","locations":[{"start":{"line":51,"column":12},"end":{"line":51,"column":72}},{"start":{},"end":{}}],"line":51},"6":{"loc":{"start":{"line":63,"column":40},"end":{"line":63,"column":49}},"type":"default-arg","locations":[{"start":{"line":63,"column":47},"end":{"line":63,"column":49}}],"line":63},"7":{"loc":{"start":{"line":71,"column":8},"end":{"line":73,"column":9}},"type":"if","locations":[{"start":{"line":71,"column":8},"end":{"line":73,"column":9}},{"start":{},"end":{}}],"line":71},"8":{"loc":{"start":{"line":71,"column":12},"end":{"line":71,"column":87}},"type":"binary-expr","locations":[{"start":{"line":71,"column":12},"end":{"line":71,"column":31}},{"start":{"line":71,"column":35},"end":{"line":71,"column":87}}],"line":71},"9":{"loc":{"start":{"line":82,"column":33},"end":{"line":82,"column":43}},"type":"default-arg","locations":[{"start":{"line":82,"column":41},"end":{"line":82,"column":43}}],"line":82},"10":{"loc":{"start":{"line":83,"column":8},"end":{"line":85,"column":9}},"type":"if","locations":[{"start":{"line":83,"column":8},"end":{"line":85,"column":9}},{"start":{},"end":{}}],"line":83},"11":{"loc":{"start":{"line":83,"column":12},"end":{"line":83,"column":87}},"type":"binary-expr","locations":[{"start":{"line":83,"column":12},"end":{"line":83,"column":31}},{"start":{"line":83,"column":35},"end":{"line":83,"column":87}}],"line":83},"12":{"loc":{"start":{"line":102,"column":8},"end":{"line":104,"column":9}},"type":"if","locations":[{"start":{"line":102,"column":8},"end":{"line":104,"column":9}},{"start":{},"end":{}}],"line":102},"13":{"loc":{"start":{"line":102,"column":12},"end":{"line":102,"column":101}},"type":"binary-expr","locations":[{"start":{"line":102,"column":12},"end":{"line":102,"column":31}},{"start":{"line":102,"column":35},"end":{"line":102,"column":101}}],"line":102},"14":{"loc":{"start":{"line":115,"column":12},"end":{"line":115,"column":47}},"type":"if","locations":[{"start":{"line":115,"column":12},"end":{"line":115,"column":47}},{"start":{},"end":{}}],"line":115},"15":{"loc":{"start":{"line":116,"column":12},"end":{"line":120,"column":13}},"type":"if","locations":[{"start":{"line":116,"column":12},"end":{"line":120,"column":13}},{"start":{"line":118,"column":19},"end":{"line":120,"column":13}}],"line":116},"16":{"loc":{"start":{"line":134,"column":8},"end":{"line":134,"column":33}},"type":"if","locations":[{"start":{"line":134,"column":8},"end":{"line":134,"column":33}},{"start":{},"end":{}}],"line":134},"17":{"loc":{"start":{"line":135,"column":8},"end":{"line":135,"column":56}},"type":"if","locations":[{"start":{"line":135,"column":8},"end":{"line":135,"column":56}},{"start":{},"end":{}}],"line":135},"18":{"loc":{"start":{"line":136,"column":8},"end":{"line":136,"column":62}},"type":"if","locations":[{"start":{"line":136,"column":8},"end":{"line":136,"column":62}},{"start":{},"end":{}}],"line":136},"19":{"loc":{"start":{"line":137,"column":8},"end":{"line":137,"column":58}},"type":"if","locations":[{"start":{"line":137,"column":8},"end":{"line":137,"column":58}},{"start":{},"end":{}}],"line":137},"20":{"loc":{"start":{"line":146,"column":8},"end":{"line":148,"column":9}},"type":"if","locations":[{"start":{"line":146,"column":8},"end":{"line":148,"column":9}},{"start":{},"end":{}}],"line":146},"21":{"loc":{"start":{"line":146,"column":12},"end":{"line":146,"column":87}},"type":"binary-expr","locations":[{"start":{"line":146,"column":12},"end":{"line":146,"column":31}},{"start":{"line":146,"column":35},"end":{"line":146,"column":87}}],"line":146}},"s":{"0":7,"1":7,"2":5,"3":4,"4":5,"5":2,"6":3,"7":1,"8":5,"9":5,"10":5,"11":4,"12":4,"13":0,"14":5,"15":3,"16":3,"17":3,"18":2,"19":3,"20":2,"21":1,"22":1,"23":2,"24":2,"25":1,"26":2,"27":4,"28":4,"29":4,"30":3,"31":4,"32":4,"33":0,"34":4,"35":4,"36":5,"37":5,"38":4,"39":1,"40":0,"41":1,"42":1,"43":0,"44":0,"45":0,"46":0,"47":0,"48":10,"49":7,"50":1},"f":{"0":7,"1":5,"2":5,"3":3,"4":2,"5":2,"6":4,"7":5,"8":5,"9":1,"10":10},"b":{"0":[4,1],"1":[2,3],"2":[1,2],"3":[4,1],"4":[5,4],"5":[0,4],"6":[3],"7":[2,1],"8":[3,2],"9":[0],"10":[1,1],"11":[2,1],"12":[1,1],"13":[2,1],"14":[3,1],"15":[4,0],"16":[0,1],"17":[1,0],"18":[0,0],"19":[0,0],"20":[7,3],"21":[10,7]},"_coverageSchema":"1a1c01bbd47fc00a2c39e90264f33305004495a9","hash":"4d69afe35dff529ce63c38b20108016b76dc60bc"}
,"/Users/aaanerud/Documents/Utviklings_Prosjekter/Microsoft/MCP Microsoft Office/src/core/error-service.js": {"path":"/Users/aaanerud/Documents/Utviklings_Prosjekter/Microsoft/MCP Microsoft Office/src/core/error-service.js","statementMap":{"0":{"start":{"line":6,"column":23},"end":{"line":6,"column":38}},"1":{"start":{"line":8,"column":0},"end":{"line":13,"column":1}},"2":{"start":{"line":9,"column":2},"end":{"line":9,"column":54}},"3":{"start":{"line":12,"column":2},"end":{"line":12,"column":27}},"4":{"start":{"line":19,"column":19},"end":{"line":27,"column":2}},"5":{"start":{"line":33,"column":19},"end":{"line":38,"column":2}},"6":{"start":{"line":46,"column":2},"end":{"line":46,"column":62}},"7":{"start":{"line":46,"column":47},"end":{"line":46,"column":62}},"8":{"start":{"line":47,"column":20},"end":{"line":47,"column":98}},"9":{"start":{"line":48,"column":20},"end":{"line":48,"column":22}},"10":{"start":{"line":49,"column":2},"end":{"line":52,"column":3}},"11":{"start":{"line":50,"column":4},"end":{"line":50,"column":56}},"12":{"start":{"line":50,"column":47},"end":{"line":50,"column":56}},"13":{"start":{"line":51,"column":4},"end":{"line":51,"column":34}},"14":{"start":{"line":53,"column":2},"end":{"line":53,"column":19}},"15":{"start":{"line":65,"column":19},"end":{"line":72,"column":3}},"16":{"start":{"line":74,"column":2},"end":{"line":82,"column":3}},"17":{"start":{"line":75,"column":4},"end":{"line":81,"column":7}},"18":{"start":{"line":76,"column":6},"end":{"line":80,"column":7}},"19":{"start":{"line":77,"column":8},"end":{"line":77,"column":45}},"20":{"start":{"line":83,"column":2},"end":{"line":83,"column":18}},"21":{"start":{"line":93,"column":2},"end":{"line":100,"column":4}},"22":{"start":{"line":103,"column":0},"end":{"line":108,"column":2}}},"fnMap":{"0":{"name":"sanitizeContext","decl":{"start":{"line":45,"column":9},"end":{"line":45,"column":24}},"loc":{"start":{"line":45,"column":34},"end":{"line":54,"column":1}},"line":45},"1":{"name":"createError","decl":{"start":{"line":64,"column":9},"end":{"line":64,"column":20}},"loc":{"start":{"line":64,"column":64},"end":{"line":84,"column":1}},"line":64},"2":{"name":"(anonymous_2)","decl":{"start":{"line":75,"column":17},"end":{"line":75,"column":18}},"loc":{"start":{"line":75,"column":23},"end":{"line":81,"column":5}},"line":75},"3":{"name":"createApiError","decl":{"start":{"line":92,"column":9},"end":{"line":92,"column":23}},"loc":{"start":{"line":92,"column":31},"end":{"line":101,"column":1}},"line":92}},"branchMap":{"0":{"loc":{"start":{"line":46,"column":2},"end":{"line":46,"column":62}},"type":"if","locations":[{"start":{"line":46,"column":2},"end":{"line":46,"column":62}},{"start":{},"end":{}}],"line":46},"1":{"loc":{"start":{"line":46,"column":6},"end":{"line":46,"column":45}},"type":"binary-expr","locations":[{"start":{"line":46,"column":6},"end":{"line":46,"column":14}},{"start":{"line":46,"column":18},"end":{"line":46,"column":45}}],"line":46},"2":{"loc":{"start":{"line":50,"column":4},"end":{"line":50,"column":56}},"type":"if","locations":[{"start":{"line":50,"column":4},"end":{"line":50,"column":56}},{"start":{},"end":{}}],"line":50},"3":{"loc":{"start":{"line":64,"column":50},"end":{"line":64,"column":62}},"type":"default-arg","locations":[{"start":{"line":64,"column":60},"end":{"line":64,"column":62}}],"line":64},"4":{"loc":{"start":{"line":74,"column":2},"end":{"line":82,"column":3}},"type":"if","locations":[{"start":{"line":74,"column":2},"end":{"line":82,"column":3}},{"start":{},"end":{}}],"line":74},"5":{"loc":{"start":{"line":74,"column":6},"end":{"line":74,"column":75}},"type":"binary-expr","locations":[{"start":{"line":74,"column":6},"end":{"line":74,"column":23}},{"start":{"line":74,"column":27},"end":{"line":74,"column":75}}],"line":74}},"s":{"0":6,"1":6,"2":6,"3":0,"4":6,"5":6,"6":6,"7":0,"8":6,"9":6,"10":6,"11":7,"12":2,"13":5,"14":6,"15":6,"16":6,"17":6,"18":0,"19":0,"20":6,"21":0,"22":6},"f":{"0":6,"1":6,"2":0,"3":0},"b":{"0":[0,6],"1":[6,6],"2":[2,5],"3":[2],"4":[6,0],"5":[6,6]},"_coverageSchema":"1a1c01bbd47fc00a2c39e90264f33305004495a9","hash":"c22de6ac574c421b780b3be1617962bda74c6e26"}
,"/Users/aaanerud/Documents/Utviklings_Prosjekter/Microsoft/MCP Microsoft Office/src/core/event-service.js": {"path":"/Users/aaanerud/Documents/Utviklings_Prosjekter/Microsoft/MCP Microsoft Office/src/core/event-service.js","statementMap":{"0":{"start":{"line":8,"column":8},"end":{"line":8,"column":36}},"1":{"start":{"line":9,"column":8},"end":{"line":9,"column":25}},"2":{"start":{"line":20,"column":8},"end":{"line":20,"column":72}},"3":{"start":{"line":20,"column":41},"end":{"line":20,"column":72}},"4":{"start":{"line":21,"column":19},"end":{"line":21,"column":33}},"5":{"start":{"line":22,"column":8},"end":{"line":22,"column":103}},"6":{"start":{"line":23,"column":8},"end":{"line":23,"column":18}},"7":{"start":{"line":33,"column":8},"end":{"line":33,"column":48}},"8":{"start":{"line":33,"column":41},"end":{"line":33,"column":48}},"9":{"start":{"line":34,"column":26},"end":{"line":34,"column":52}},"10":{"start":{"line":36,"column":8},"end":{"line":40,"column":9}},"11":{"start":{"line":37,"column":12},"end":{"line":37,"column":71}},"12":{"start":{"line":37,"column":62},"end":{"line":37,"column":71}},"13":{"start":{"line":38,"column":12},"end":{"line":38,"column":44}},"14":{"start":{"line":39,"column":12},"end":{"line":39,"column":67}},"15":{"start":{"line":39,"column":31},"end":{"line":39,"column":67}},"16":{"start":{"line":49,"column":8},"end":{"line":56,"column":9}},"17":{"start":{"line":50,"column":24},"end":{"line":50,"column":61}},"18":{"start":{"line":50,"column":49},"end":{"line":50,"column":60}},"19":{"start":{"line":51,"column":12},"end":{"line":55,"column":13}},"20":{"start":{"line":52,"column":16},"end":{"line":52,"column":41}},"21":{"start":{"line":53,"column":16},"end":{"line":53,"column":74}},"22":{"start":{"line":53,"column":44},"end":{"line":53,"column":74}},"23":{"start":{"line":54,"column":16},"end":{"line":54,"column":22}},"24":{"start":{"line":64,"column":8},"end":{"line":64,"column":32}},"25":{"start":{"line":68,"column":0},"end":{"line":68,"column":36}}},"fnMap":{"0":{"name":"(anonymous_0)","decl":{"start":{"line":7,"column":4},"end":{"line":7,"column":5}},"loc":{"start":{"line":7,"column":18},"end":{"line":10,"column":5}},"line":7},"1":{"name":"(anonymous_1)","decl":{"start":{"line":19,"column":4},"end":{"line":19,"column":5}},"loc":{"start":{"line":19,"column":50},"end":{"line":24,"column":5}},"line":19},"2":{"name":"(anonymous_2)","decl":{"start":{"line":32,"column":4},"end":{"line":32,"column":5}},"loc":{"start":{"line":32,"column":31},"end":{"line":41,"column":5}},"line":32},"3":{"name":"(anonymous_3)","decl":{"start":{"line":48,"column":4},"end":{"line":48,"column":5}},"loc":{"start":{"line":48,"column":26},"end":{"line":57,"column":5}},"line":48},"4":{"name":"(anonymous_4)","decl":{"start":{"line":50,"column":44},"end":{"line":50,"column":45}},"loc":{"start":{"line":50,"column":49},"end":{"line":50,"column":60}},"line":50},"5":{"name":"(anonymous_5)","decl":{"start":{"line":63,"column":4},"end":{"line":63,"column":5}},"loc":{"start":{"line":63,"column":18},"end":{"line":65,"column":5}},"line":63}},"branchMap":{"0":{"loc":{"start":{"line":19,"column":36},"end":{"line":19,"column":48}},"type":"default-arg","locations":[{"start":{"line":19,"column":46},"end":{"line":19,"column":48}}],"line":19},"1":{"loc":{"start":{"line":20,"column":8},"end":{"line":20,"column":72}},"type":"if","locations":[{"start":{"line":20,"column":8},"end":{"line":20,"column":72}},{"start":{},"end":{}}],"line":20},"2":{"loc":{"start":{"line":33,"column":8},"end":{"line":33,"column":48}},"type":"if","locations":[{"start":{"line":33,"column":8},"end":{"line":33,"column":48}},{"start":{},"end":{}}],"line":33},"3":{"loc":{"start":{"line":37,"column":12},"end":{"line":37,"column":71}},"type":"if","locations":[{"start":{"line":37,"column":12},"end":{"line":37,"column":71}},{"start":{},"end":{}}],"line":37},"4":{"loc":{"start":{"line":37,"column":16},"end":{"line":37,"column":60}},"type":"binary-expr","locations":[{"start":{"line":37,"column":16},"end":{"line":37,"column":31}},{"start":{"line":37,"column":35},"end":{"line":37,"column":60}}],"line":37},"5":{"loc":{"start":{"line":39,"column":12},"end":{"line":39,"column":67}},"type":"if","locations":[{"start":{"line":39,"column":12},"end":{"line":39,"column":67}},{"start":{},"end":{}}],"line":39},"6":{"loc":{"start":{"line":51,"column":12},"end":{"line":55,"column":13}},"type":"if","locations":[{"start":{"line":51,"column":12},"end":{"line":55,"column":13}},{"start":{},"end":{}}],"line":51},"7":{"loc":{"start":{"line":53,"column":16},"end":{"line":53,"column":74}},"type":"if","locations":[{"start":{"line":53,"column":16},"end":{"line":53,"column":74}},{"start":{},"end":{}}],"line":53}},"s":{"0":3,"1":3,"2":6,"3":5,"4":6,"5":6,"6":6,"7":7,"8":2,"9":5,"10":5,"11":6,"12":1,"13":5,"14":5,"15":1,"16":2,"17":2,"18":2,"19":2,"20":2,"21":2,"22":2,"23":2,"24":5,"25":3},"f":{"0":3,"1":6,"2":7,"3":2,"4":2,"5":5},"b":{"0":[4],"1":[5,1],"2":[2,5],"3":[1,5],"4":[6,2],"5":[1,4],"6":[2,0],"7":[2,0]},"_coverageSchema":"1a1c01bbd47fc00a2c39e90264f33305004495a9","hash":"dfca31db991e63bb7def1cdbd5ce09dd7bb027f6"}
,"/Users/aaanerud/Documents/Utviklings_Prosjekter/Microsoft/MCP Microsoft Office/src/core/monitoring-service.js": {"path":"/Users/aaanerud/Documents/Utviklings_Prosjekter/Microsoft/MCP Microsoft Office/src/core/monitoring-service.js","statementMap":{"0":{"start":{"line":7,"column":16},"end":{"line":7,"column":34}},"1":{"start":{"line":8,"column":13},"end":{"line":8,"column":28}},"2":{"start":{"line":9,"column":11},"end":{"line":9,"column":24}},"3":{"start":{"line":10,"column":11},"end":{"line":10,"column":24}},"4":{"start":{"line":13,"column":13},"end":{"line":13,"column":17}},"5":{"start":{"line":14,"column":20},"end":{"line":14,"column":90}},"6":{"start":{"line":17,"column":17},"end":{"line":17,"column":26}},"7":{"start":{"line":18,"column":0},"end":{"line":21,"column":14}},"8":{"start":{"line":19,"column":16},"end":{"line":19,"column":95}},"9":{"start":{"line":20,"column":4},"end":{"line":20,"column":42}},"10":{"start":{"line":24,"column":4},"end":{"line":24,"column":106}},"11":{"start":{"line":25,"column":4},"end":{"line":40,"column":7}},"12":{"start":{"line":44,"column":0},"end":{"line":44,"column":13}},"13":{"start":{"line":48,"column":4},"end":{"line":50,"column":5}},"14":{"start":{"line":49,"column":8},"end":{"line":49,"column":60}},"15":{"start":{"line":49,"column":43},"end":{"line":49,"column":60}},"16":{"start":{"line":51,"column":4},"end":{"line":51,"column":38}},"17":{"start":{"line":59,"column":4},"end":{"line":59,"column":30}},"18":{"start":{"line":59,"column":17},"end":{"line":59,"column":30}},"19":{"start":{"line":60,"column":4},"end":{"line":70,"column":7}},"20":{"start":{"line":79,"column":4},"end":{"line":79,"column":30}},"21":{"start":{"line":79,"column":17},"end":{"line":79,"column":30}},"22":{"start":{"line":80,"column":4},"end":{"line":87,"column":7}},"23":{"start":{"line":96,"column":4},"end":{"line":96,"column":30}},"24":{"start":{"line":96,"column":17},"end":{"line":96,"column":30}},"25":{"start":{"line":97,"column":4},"end":{"line":104,"column":7}},"26":{"start":{"line":113,"column":4},"end":{"line":113,"column":30}},"27":{"start":{"line":113,"column":17},"end":{"line":113,"column":30}},"28":{"start":{"line":114,"column":4},"end":{"line":121,"column":7}},"29":{"start":{"line":131,"column":4},"end":{"line":131,"column":30}},"30":{"start":{"line":131,"column":17},"end":{"line":131,"column":30}},"31":{"start":{"line":132,"column":4},"end":{"line":141,"column":7}},"32":{"start":{"line":144,"column":0},"end":{"line":153,"column":2}}},"fnMap":{"0":{"name":"initLogger","decl":{"start":{"line":23,"column":9},"end":{"line":23,"column":19}},"loc":{"start":{"line":23,"column":52},"end":{"line":41,"column":1}},"line":23},"1":{"name":"_resetLoggerForTest","decl":{"start":{"line":47,"column":9},"end":{"line":47,"column":28}},"loc":{"start":{"line":47,"column":61},"end":{"line":52,"column":1}},"line":47},"2":{"name":"logError","decl":{"start":{"line":58,"column":9},"end":{"line":58,"column":17}},"loc":{"start":{"line":58,"column":25},"end":{"line":71,"column":1}},"line":58},"3":{"name":"info","decl":{"start":{"line":78,"column":9},"end":{"line":78,"column":13}},"loc":{"start":{"line":78,"column":37},"end":{"line":88,"column":1}},"line":78},"4":{"name":"warn","decl":{"start":{"line":95,"column":9},"end":{"line":95,"column":13}},"loc":{"start":{"line":95,"column":37},"end":{"line":105,"column":1}},"line":95},"5":{"name":"debug","decl":{"start":{"line":112,"column":9},"end":{"line":112,"column":14}},"loc":{"start":{"line":112,"column":38},"end":{"line":122,"column":1}},"line":112},"6":{"name":"trackMetric","decl":{"start":{"line":130,"column":9},"end":{"line":130,"column":20}},"loc":{"start":{"line":130,"column":48},"end":{"line":142,"column":1}},"line":130}},"branchMap":{"0":{"loc":{"start":{"line":14,"column":20},"end":{"line":14,"column":90}},"type":"binary-expr","locations":[{"start":{"line":14,"column":20},"end":{"line":14,"column":44}},{"start":{"line":14,"column":48},"end":{"line":14,"column":90}}],"line":14},"1":{"loc":{"start":{"line":20,"column":17},"end":{"line":20,"column":41}},"type":"binary-expr","locations":[{"start":{"line":20,"column":17},"end":{"line":20,"column":28}},{"start":{"line":20,"column":32},"end":{"line":20,"column":41}}],"line":20},"2":{"loc":{"start":{"line":23,"column":33},"end":{"line":23,"column":50}},"type":"default-arg","locations":[{"start":{"line":23,"column":44},"end":{"line":23,"column":50}}],"line":23},"3":{"loc":{"start":{"line":24,"column":20},"end":{"line":24,"column":105}},"type":"binary-expr","locations":[{"start":{"line":24,"column":20},"end":{"line":24,"column":31}},{"start":{"line":24,"column":35},"end":{"line":24,"column":59}},{"start":{"line":24,"column":63},"end":{"line":24,"column":105}}],"line":24},"4":{"loc":{"start":{"line":47,"column":42},"end":{"line":47,"column":59}},"type":"default-arg","locations":[{"start":{"line":47,"column":53},"end":{"line":47,"column":59}}],"line":47},"5":{"loc":{"start":{"line":48,"column":4},"end":{"line":50,"column":5}},"type":"if","locations":[{"start":{"line":48,"column":4},"end":{"line":50,"column":5}},{"start":{},"end":{}}],"line":48},"6":{"loc":{"start":{"line":59,"column":4},"end":{"line":59,"column":30}},"type":"if","locations":[{"start":{"line":59,"column":4},"end":{"line":59,"column":30}},{"start":{},"end":{}}],"line":59},"7":{"loc":{"start":{"line":78,"column":23},"end":{"line":78,"column":35}},"type":"default-arg","locations":[{"start":{"line":78,"column":33},"end":{"line":78,"column":35}}],"line":78},"8":{"loc":{"start":{"line":79,"column":4},"end":{"line":79,"column":30}},"type":"if","locations":[{"start":{"line":79,"column":4},"end":{"line":79,"column":30}},{"start":{},"end":{}}],"line":79},"9":{"loc":{"start":{"line":95,"column":23},"end":{"line":95,"column":35}},"type":"default-arg","locations":[{"start":{"line":95,"column":33},"end":{"line":95,"column":35}}],"line":95},"10":{"loc":{"start":{"line":96,"column":4},"end":{"line":96,"column":30}},"type":"if","locations":[{"start":{"line":96,"column":4},"end":{"line":96,"column":30}},{"start":{},"end":{}}],"line":96},"11":{"loc":{"start":{"line":112,"column":24},"end":{"line":112,"column":36}},"type":"default-arg","locations":[{"start":{"line":112,"column":34},"end":{"line":112,"column":36}}],"line":112},"12":{"loc":{"start":{"line":113,"column":4},"end":{"line":113,"column":30}},"type":"if","locations":[{"start":{"line":113,"column":4},"end":{"line":113,"column":30}},{"start":{},"end":{}}],"line":113},"13":{"loc":{"start":{"line":130,"column":34},"end":{"line":130,"column":46}},"type":"default-arg","locations":[{"start":{"line":130,"column":44},"end":{"line":130,"column":46}}],"line":130},"14":{"loc":{"start":{"line":131,"column":4},"end":{"line":131,"column":30}},"type":"if","locations":[{"start":{"line":131,"column":4},"end":{"line":131,"column":30}},{"start":{},"end":{}}],"line":131}},"s":{"0":7,"1":7,"2":7,"3":7,"4":7,"5":7,"6":7,"7":7,"8":7,"9":7,"10":12,"11":12,"12":7,"13":5,"14":5,"15":5,"16":5,"17":1,"18":0,"19":1,"20":3,"21":0,"22":3,"23":1,"24":0,"25":1,"26":1,"27":0,"28":1,"29":1,"30":0,"31":1,"32":7},"f":{"0":12,"1":5,"2":1,"3":3,"4":1,"5":1,"6":1},"b":{"0":[7,7],"1":[7,0],"2":[7],"3":[12,7,7],"4":[4],"5":[5,0],"6":[0,1],"7":[1],"8":[0,3],"9":[0],"10":[0,1],"11":[0],"12":[0,1],"13":[0],"14":[0,1]},"_coverageSchema":"1a1c01bbd47fc00a2c39e90264f33305004495a9","hash":"dd328d8ad750d42436c77ad4edfe93d2af5ba1dc"}
,"/Users/aaanerud/Documents/Utviklings_Prosjekter/Microsoft/MCP Microsoft Office/src/core/storage-service.js": {"path":"/Users/aaanerud/Documents/Utviklings_Prosjekter/Microsoft/MCP Microsoft Office/src/core/storage-service.js","statementMap":{"0":{"start":{"line":6,"column":13},"end":{"line":6,"column":28}},"1":{"start":{"line":7,"column":11},"end":{"line":7,"column":24}},"2":{"start":{"line":8,"column":16},"end":{"line":8,"column":44}},"3":{"start":{"line":9,"column":15},"end":{"line":9,"column":32}},"4":{"start":{"line":11,"column":16},"end":{"line":11,"column":61}},"5":{"start":{"line":12,"column":23},"end":{"line":12,"column":91}},"6":{"start":{"line":14,"column":0},"end":{"line":16,"column":1}},"7":{"start":{"line":15,"column":4},"end":{"line":15,"column":79}},"8":{"start":{"line":19,"column":4},"end":{"line":19,"column":41}},"9":{"start":{"line":23,"column":15},"end":{"line":23,"column":37}},"10":{"start":{"line":24,"column":19},"end":{"line":24,"column":88}},"11":{"start":{"line":25,"column":20},"end":{"line":25,"column":57}},"12":{"start":{"line":26,"column":4},"end":{"line":26,"column":40}},"13":{"start":{"line":27,"column":4},"end":{"line":27,"column":51}},"14":{"start":{"line":31,"column":31},"end":{"line":31,"column":46}},"15":{"start":{"line":32,"column":15},"end":{"line":32,"column":43}},"16":{"start":{"line":33,"column":21},"end":{"line":33,"column":92}},"17":{"start":{"line":34,"column":20},"end":{"line":34,"column":64}},"18":{"start":{"line":35,"column":4},"end":{"line":35,"column":40}},"19":{"start":{"line":36,"column":4},"end":{"line":36,"column":21}},"20":{"start":{"line":40,"column":4},"end":{"line":40,"column":104}},"21":{"start":{"line":40,"column":47},"end":{"line":40,"column":104}},"22":{"start":{"line":41,"column":15},"end":{"line":41,"column":22}},"23":{"start":{"line":42,"column":4},"end":{"line":50,"column":7}},"24":{"start":{"line":43,"column":8},"end":{"line":49,"column":11}},"25":{"start":{"line":44,"column":12},"end":{"line":44,"column":119}},"26":{"start":{"line":45,"column":12},"end":{"line":45,"column":161}},"27":{"start":{"line":46,"column":12},"end":{"line":46,"column":37}},"28":{"start":{"line":47,"column":12},"end":{"line":47,"column":39}},"29":{"start":{"line":48,"column":12},"end":{"line":48,"column":22}},"30":{"start":{"line":51,"column":4},"end":{"line":51,"column":15}},"31":{"start":{"line":55,"column":15},"end":{"line":55,"column":22}},"32":{"start":{"line":56,"column":4},"end":{"line":58,"column":7}},"33":{"start":{"line":57,"column":8},"end":{"line":57,"column":156}},"34":{"start":{"line":57,"column":125},"end":{"line":57,"column":154}},"35":{"start":{"line":59,"column":4},"end":{"line":59,"column":15}},"36":{"start":{"line":63,"column":15},"end":{"line":63,"column":22}},"37":{"start":{"line":64,"column":16},"end":{"line":66,"column":6}},"38":{"start":{"line":65,"column":8},"end":{"line":65,"column":129}},"39":{"start":{"line":65,"column":95},"end":{"line":65,"column":127}},"40":{"start":{"line":67,"column":4},"end":{"line":67,"column":15}},"41":{"start":{"line":68,"column":4},"end":{"line":68,"column":46}},"42":{"start":{"line":72,"column":15},"end":{"line":72,"column":22}},"43":{"start":{"line":73,"column":16},"end":{"line":73,"column":30}},"44":{"start":{"line":74,"column":4},"end":{"line":76,"column":7}},"45":{"start":{"line":75,"column":8},"end":{"line":75,"column":138}},"46":{"start":{"line":75,"column":107},"end":{"line":75,"column":136}},"47":{"start":{"line":77,"column":4},"end":{"line":77,"column":15}},"48":{"start":{"line":81,"column":15},"end":{"line":81,"column":22}},"49":{"start":{"line":82,"column":16},"end":{"line":84,"column":6}},"50":{"start":{"line":83,"column":8},"end":{"line":83,"column":129}},"51":{"start":{"line":83,"column":95},"end":{"line":83,"column":127}},"52":{"start":{"line":85,"column":4},"end":{"line":85,"column":15}},"53":{"start":{"line":86,"column":4},"end":{"line":86,"column":43}},"54":{"start":{"line":90,"column":15},"end":{"line":90,"column":22}},"55":{"start":{"line":91,"column":4},"end":{"line":93,"column":7}},"56":{"start":{"line":92,"column":8},"end":{"line":92,"column":141}},"57":{"start":{"line":92,"column":110},"end":{"line":92,"column":139}},"58":{"start":{"line":94,"column":4},"end":{"line":94,"column":15}},"59":{"start":{"line":98,"column":15},"end":{"line":98,"column":22}},"60":{"start":{"line":99,"column":17},"end":{"line":101,"column":6}},"61":{"start":{"line":100,"column":8},"end":{"line":100,"column":141}},"62":{"start":{"line":100,"column":106},"end":{"line":100,"column":139}},"63":{"start":{"line":102,"column":4},"end":{"line":102,"column":15}},"64":{"start":{"line":103,"column":4},"end":{"line":103,"column":97}},"65":{"start":{"line":103,"column":28},"end":{"line":103,"column":94}},"66":{"start":{"line":106,"column":0},"end":{"line":115,"column":2}}},"fnMap":{"0":{"name":"getDb","decl":{"start":{"line":18,"column":9},"end":{"line":18,"column":14}},"loc":{"start":{"line":18,"column":17},"end":{"line":20,"column":1}},"line":18},"1":{"name":"encrypt","decl":{"start":{"line":22,"column":9},"end":{"line":22,"column":16}},"loc":{"start":{"line":22,"column":23},"end":{"line":28,"column":1}},"line":22},"2":{"name":"decrypt","decl":{"start":{"line":30,"column":9},"end":{"line":30,"column":16}},"loc":{"start":{"line":30,"column":23},"end":{"line":37,"column":1}},"line":30},"3":{"name":"init","decl":{"start":{"line":39,"column":15},"end":{"line":39,"column":19}},"loc":{"start":{"line":39,"column":22},"end":{"line":52,"column":1}},"line":39},"4":{"name":"(anonymous_4)","decl":{"start":{"line":42,"column":22},"end":{"line":42,"column":23}},"loc":{"start":{"line":42,"column":43},"end":{"line":50,"column":5}},"line":42},"5":{"name":"(anonymous_5)","decl":{"start":{"line":43,"column":21},"end":{"line":43,"column":22}},"loc":{"start":{"line":43,"column":27},"end":{"line":49,"column":9}},"line":43},"6":{"name":"(anonymous_6)","decl":{"start":{"line":46,"column":27},"end":{"line":46,"column":28}},"loc":{"start":{"line":46,"column":33},"end":{"line":46,"column":35}},"line":46},"7":{"name":"(anonymous_7)","decl":{"start":{"line":47,"column":29},"end":{"line":47,"column":30}},"loc":{"start":{"line":47,"column":35},"end":{"line":47,"column":37}},"line":47},"8":{"name":"setSetting","decl":{"start":{"line":54,"column":15},"end":{"line":54,"column":25}},"loc":{"start":{"line":54,"column":38},"end":{"line":60,"column":1}},"line":54},"9":{"name":"(anonymous_9)","decl":{"start":{"line":56,"column":22},"end":{"line":56,"column":23}},"loc":{"start":{"line":56,"column":43},"end":{"line":58,"column":5}},"line":56},"10":{"name":"(anonymous_10)","decl":{"start":{"line":57,"column":118},"end":{"line":57,"column":119}},"loc":{"start":{"line":57,"column":125},"end":{"line":57,"column":154}},"line":57},"11":{"name":"getSetting","decl":{"start":{"line":62,"column":15},"end":{"line":62,"column":25}},"loc":{"start":{"line":62,"column":31},"end":{"line":69,"column":1}},"line":62},"12":{"name":"(anonymous_12)","decl":{"start":{"line":64,"column":34},"end":{"line":64,"column":35}},"loc":{"start":{"line":64,"column":55},"end":{"line":66,"column":5}},"line":64},"13":{"name":"(anonymous_13)","decl":{"start":{"line":65,"column":81},"end":{"line":65,"column":82}},"loc":{"start":{"line":65,"column":95},"end":{"line":65,"column":127}},"line":65},"14":{"name":"setSecure","decl":{"start":{"line":71,"column":15},"end":{"line":71,"column":24}},"loc":{"start":{"line":71,"column":37},"end":{"line":78,"column":1}},"line":71},"15":{"name":"(anonymous_15)","decl":{"start":{"line":74,"column":22},"end":{"line":74,"column":23}},"loc":{"start":{"line":74,"column":43},"end":{"line":76,"column":5}},"line":74},"16":{"name":"(anonymous_16)","decl":{"start":{"line":75,"column":100},"end":{"line":75,"column":101}},"loc":{"start":{"line":75,"column":107},"end":{"line":75,"column":136}},"line":75},"17":{"name":"getSecure","decl":{"start":{"line":80,"column":15},"end":{"line":80,"column":24}},"loc":{"start":{"line":80,"column":30},"end":{"line":87,"column":1}},"line":80},"18":{"name":"(anonymous_18)","decl":{"start":{"line":82,"column":34},"end":{"line":82,"column":35}},"loc":{"start":{"line":82,"column":55},"end":{"line":84,"column":5}},"line":82},"19":{"name":"(anonymous_19)","decl":{"start":{"line":83,"column":81},"end":{"line":83,"column":82}},"loc":{"start":{"line":83,"column":95},"end":{"line":83,"column":127}},"line":83},"20":{"name":"addHistory","decl":{"start":{"line":89,"column":15},"end":{"line":89,"column":25}},"loc":{"start":{"line":89,"column":42},"end":{"line":95,"column":1}},"line":89},"21":{"name":"(anonymous_21)","decl":{"start":{"line":91,"column":22},"end":{"line":91,"column":23}},"loc":{"start":{"line":91,"column":43},"end":{"line":93,"column":5}},"line":91},"22":{"name":"(anonymous_22)","decl":{"start":{"line":92,"column":103},"end":{"line":92,"column":104}},"loc":{"start":{"line":92,"column":110},"end":{"line":92,"column":139}},"line":92},"23":{"name":"getHistory","decl":{"start":{"line":97,"column":15},"end":{"line":97,"column":25}},"loc":{"start":{"line":97,"column":38},"end":{"line":104,"column":1}},"line":97},"24":{"name":"(anonymous_24)","decl":{"start":{"line":99,"column":35},"end":{"line":99,"column":36}},"loc":{"start":{"line":99,"column":56},"end":{"line":101,"column":5}},"line":99},"25":{"name":"(anonymous_25)","decl":{"start":{"line":100,"column":91},"end":{"line":100,"column":92}},"loc":{"start":{"line":100,"column":106},"end":{"line":100,"column":139}},"line":100},"26":{"name":"(anonymous_26)","decl":{"start":{"line":103,"column":20},"end":{"line":103,"column":21}},"loc":{"start":{"line":103,"column":28},"end":{"line":103,"column":94}},"line":103}},"branchMap":{"0":{"loc":{"start":{"line":12,"column":23},"end":{"line":12,"column":91}},"type":"binary-expr","locations":[{"start":{"line":12,"column":23},"end":{"line":12,"column":53}},{"start":{"line":12,"column":57},"end":{"line":12,"column":91}}],"line":12},"1":{"loc":{"start":{"line":14,"column":0},"end":{"line":16,"column":1}},"type":"if","locations":[{"start":{"line":14,"column":0},"end":{"line":16,"column":1}},{"start":{},"end":{}}],"line":14},"2":{"loc":{"start":{"line":40,"column":4},"end":{"line":40,"column":104}},"type":"if","locations":[{"start":{"line":40,"column":4},"end":{"line":40,"column":104}},{"start":{},"end":{}}],"line":40},"3":{"loc":{"start":{"line":57,"column":125},"end":{"line":57,"column":154}},"type":"cond-expr","locations":[{"start":{"line":57,"column":131},"end":{"line":57,"column":142}},{"start":{"line":57,"column":145},"end":{"line":57,"column":154}}],"line":57},"4":{"loc":{"start":{"line":65,"column":95},"end":{"line":65,"column":127}},"type":"cond-expr","locations":[{"start":{"line":65,"column":101},"end":{"line":65,"column":112}},{"start":{"line":65,"column":115},"end":{"line":65,"column":127}}],"line":65},"5":{"loc":{"start":{"line":68,"column":11},"end":{"line":68,"column":45}},"type":"cond-expr","locations":[{"start":{"line":68,"column":17},"end":{"line":68,"column":38}},{"start":{"line":68,"column":41},"end":{"line":68,"column":45}}],"line":68},"6":{"loc":{"start":{"line":75,"column":107},"end":{"line":75,"column":136}},"type":"cond-expr","locations":[{"start":{"line":75,"column":113},"end":{"line":75,"column":124}},{"start":{"line":75,"column":127},"end":{"line":75,"column":136}}],"line":75},"7":{"loc":{"start":{"line":83,"column":95},"end":{"line":83,"column":127}},"type":"cond-expr","locations":[{"start":{"line":83,"column":101},"end":{"line":83,"column":112}},{"start":{"line":83,"column":115},"end":{"line":83,"column":127}}],"line":83},"8":{"loc":{"start":{"line":86,"column":11},"end":{"line":86,"column":42}},"type":"cond-expr","locations":[{"start":{"line":86,"column":17},"end":{"line":86,"column":35}},{"start":{"line":86,"column":38},"end":{"line":86,"column":42}}],"line":86},"9":{"loc":{"start":{"line":92,"column":110},"end":{"line":92,"column":139}},"type":"cond-expr","locations":[{"start":{"line":92,"column":116},"end":{"line":92,"column":127}},{"start":{"line":92,"column":130},"end":{"line":92,"column":139}}],"line":92},"10":{"loc":{"start":{"line":97,"column":26},"end":{"line":97,"column":36}},"type":"default-arg","locations":[{"start":{"line":97,"column":34},"end":{"line":97,"column":36}}],"line":97},"11":{"loc":{"start":{"line":100,"column":106},"end":{"line":100,"column":139}},"type":"cond-expr","locations":[{"start":{"line":100,"column":112},"end":{"line":100,"column":123}},{"start":{"line":100,"column":126},"end":{"line":100,"column":139}}],"line":100}},"s":{"0":8,"1":8,"2":8,"3":8,"4":8,"5":8,"6":8,"7":0,"8":7,"9":1,"10":1,"11":1,"12":1,"13":1,"14":1,"15":1,"16":1,"17":1,"18":1,"19":1,"20":1,"21":0,"22":1,"23":1,"24":1,"25":1,"26":1,"27":1,"28":1,"29":1,"30":1,"31":1,"32":1,"33":1,"34":1,"35":1,"36":1,"37":1,"38":1,"39":1,"40":1,"41":1,"42":1,"43":1,"44":1,"45":1,"46":1,"47":1,"48":1,"49":1,"50":1,"51":1,"52":1,"53":1,"54":1,"55":1,"56":1,"57":1,"58":1,"59":1,"60":1,"61":1,"62":1,"63":1,"64":1,"65":1,"66":8},"f":{"0":7,"1":1,"2":1,"3":1,"4":1,"5":1,"6":0,"7":0,"8":1,"9":1,"10":1,"11":1,"12":1,"13":1,"14":1,"15":1,"16":1,"17":1,"18":1,"19":1,"20":1,"21":1,"22":1,"23":1,"24":1,"25":1,"26":1},"b":{"0":[8,8],"1":[0,8],"2":[0,1],"3":[0,1],"4":[0,1],"5":[1,0],"6":[0,1],"7":[0,1],"8":[1,0],"9":[0,1],"10":[0],"11":[0,1]},"_coverageSchema":"1a1c01bbd47fc00a2c39e90264f33305004495a9","hash":"6267468836bd591f5076a530ffeebe532d8ab2cb"}
,"/Users/aaanerud/Documents/Utviklings_Prosjekter/Microsoft/MCP Microsoft Office/src/graph/calendar-service.js": {"path":"/Users/aaanerud/Documents/Utviklings_Prosjekter/Microsoft/MCP Microsoft Office/src/graph/calendar-service.js","statementMap":{"0":{"start":{"line":7,"column":27},"end":{"line":7,"column":52}},"1":{"start":{"line":10,"column":2},"end":{"line":26,"column":4}},"2":{"start":{"line":15,"column":54},"end":{"line":19,"column":5}},"3":{"start":{"line":35,"column":17},"end":{"line":35,"column":56}},"4":{"start":{"line":36,"column":25},"end":{"line":36,"column":32}},"5":{"start":{"line":37,"column":17},"end":{"line":37,"column":123}},"6":{"start":{"line":38,"column":14},"end":{"line":38,"column":59}},"7":{"start":{"line":39,"column":2},"end":{"line":39,"column":47}},"8":{"start":{"line":48,"column":17},"end":{"line":48,"column":56}},"9":{"start":{"line":49,"column":16},"end":{"line":55,"column":3}},"10":{"start":{"line":53,"column":57},"end":{"line":53,"column":93}},"11":{"start":{"line":56,"column":2},"end":{"line":56,"column":52}},"12":{"start":{"line":66,"column":17},"end":{"line":66,"column":56}},"13":{"start":{"line":67,"column":2},"end":{"line":67,"column":64}},"14":{"start":{"line":78,"column":17},"end":{"line":78,"column":56}},"15":{"start":{"line":79,"column":15},"end":{"line":84,"column":3}},"16":{"start":{"line":85,"column":14},"end":{"line":85,"column":69}},"17":{"start":{"line":86,"column":2},"end":{"line":86,"column":25}},"18":{"start":{"line":89,"column":0},"end":{"line":94,"column":2}}},"fnMap":{"0":{"name":"normalizeEvent","decl":{"start":{"line":9,"column":9},"end":{"line":9,"column":23}},"loc":{"start":{"line":9,"column":36},"end":{"line":27,"column":1}},"line":9},"1":{"name":"(anonymous_1)","decl":{"start":{"line":15,"column":48},"end":{"line":15,"column":49}},"loc":{"start":{"line":15,"column":54},"end":{"line":19,"column":5}},"line":15},"2":{"name":"getEvents","decl":{"start":{"line":34,"column":15},"end":{"line":34,"column":24}},"loc":{"start":{"line":34,"column":39},"end":{"line":40,"column":1}},"line":34},"3":{"name":"createEvent","decl":{"start":{"line":47,"column":15},"end":{"line":47,"column":26}},"loc":{"start":{"line":47,"column":38},"end":{"line":57,"column":1}},"line":47},"4":{"name":"(anonymous_4)","decl":{"start":{"line":53,"column":47},"end":{"line":53,"column":48}},"loc":{"start":{"line":53,"column":57},"end":{"line":53,"column":93}},"line":53},"5":{"name":"updateEvent","decl":{"start":{"line":65,"column":15},"end":{"line":65,"column":26}},"loc":{"start":{"line":65,"column":43},"end":{"line":68,"column":1}},"line":65},"6":{"name":"getAvailability","decl":{"start":{"line":77,"column":15},"end":{"line":77,"column":30}},"loc":{"start":{"line":77,"column":51},"end":{"line":87,"column":1}},"line":77}},"branchMap":{"0":{"loc":{"start":{"line":15,"column":16},"end":{"line":15,"column":42}},"type":"binary-expr","locations":[{"start":{"line":15,"column":16},"end":{"line":15,"column":36}},{"start":{"line":15,"column":40},"end":{"line":15,"column":42}}],"line":15},"1":{"loc":{"start":{"line":25,"column":16},"end":{"line":25,"column":45}},"type":"binary-expr","locations":[{"start":{"line":25,"column":16},"end":{"line":25,"column":37}},{"start":{"line":25,"column":41},"end":{"line":25,"column":45}}],"line":25},"2":{"loc":{"start":{"line":34,"column":25},"end":{"line":34,"column":37}},"type":"default-arg","locations":[{"start":{"line":34,"column":35},"end":{"line":34,"column":37}}],"line":34},"3":{"loc":{"start":{"line":37,"column":17},"end":{"line":37,"column":123}},"type":"cond-expr","locations":[{"start":{"line":37,"column":32},"end":{"line":37,"column":118}},{"start":{"line":37,"column":121},"end":{"line":37,"column":123}}],"line":37},"4":{"loc":{"start":{"line":37,"column":17},"end":{"line":37,"column":29}},"type":"binary-expr","locations":[{"start":{"line":37,"column":17},"end":{"line":37,"column":22}},{"start":{"line":37,"column":26},"end":{"line":37,"column":29}}],"line":37},"5":{"loc":{"start":{"line":39,"column":10},"end":{"line":39,"column":25}},"type":"binary-expr","locations":[{"start":{"line":39,"column":10},"end":{"line":39,"column":19}},{"start":{"line":39,"column":23},"end":{"line":39,"column":25}}],"line":39},"6":{"loc":{"start":{"line":53,"column":16},"end":{"line":53,"column":41}},"type":"binary-expr","locations":[{"start":{"line":53,"column":16},"end":{"line":53,"column":35}},{"start":{"line":53,"column":39},"end":{"line":53,"column":41}}],"line":53},"7":{"loc":{"start":{"line":54,"column":16},"end":{"line":54,"column":49}},"type":"binary-expr","locations":[{"start":{"line":54,"column":16},"end":{"line":54,"column":36}},{"start":{"line":54,"column":40},"end":{"line":54,"column":49}}],"line":54},"8":{"loc":{"start":{"line":86,"column":9},"end":{"line":86,"column":24}},"type":"binary-expr","locations":[{"start":{"line":86,"column":9},"end":{"line":86,"column":18}},{"start":{"line":86,"column":22},"end":{"line":86,"column":24}}],"line":86}},"s":{"0":1,"1":1,"2":1,"3":2,"4":2,"5":2,"6":2,"7":1,"8":2,"9":2,"10":0,"11":2,"12":1,"13":1,"14":1,"15":1,"16":1,"17":1,"18":1},"f":{"0":1,"1":1,"2":2,"3":2,"4":0,"5":1,"6":1},"b":{"0":[1,0],"1":[1,1],"2":[0],"3":[2,0],"4":[2,2],"5":[1,0],"6":[2,0],"7":[2,1],"8":[1,0]},"_coverageSchema":"1a1c01bbd47fc00a2c39e90264f33305004495a9","hash":"b9d4a478d702ad6639b0e98dad4f011da747b591"}
,"/Users/aaanerud/Documents/Utviklings_Prosjekter/Microsoft/MCP Microsoft Office/src/graph/files-service.js": {"path":"/Users/aaanerud/Documents/Utviklings_Prosjekter/Microsoft/MCP Microsoft Office/src/graph/files-service.js","statementMap":{"0":{"start":{"line":7,"column":27},"end":{"line":7,"column":52}},"1":{"start":{"line":10,"column":2},"end":{"line":17,"column":4}},"2":{"start":{"line":26,"column":17},"end":{"line":26,"column":56}},"3":{"start":{"line":27,"column":15},"end":{"line":27,"column":92}},"4":{"start":{"line":28,"column":14},"end":{"line":28,"column":42}},"5":{"start":{"line":29,"column":2},"end":{"line":29,"column":46}},"6":{"start":{"line":38,"column":17},"end":{"line":38,"column":56}},"7":{"start":{"line":39,"column":14},"end":{"line":39,"column":95}},"8":{"start":{"line":40,"column":2},"end":{"line":40,"column":46}},"9":{"start":{"line":49,"column":17},"end":{"line":49,"column":56}},"10":{"start":{"line":51,"column":2},"end":{"line":51,"column":65}},"11":{"start":{"line":61,"column":17},"end":{"line":61,"column":56}},"12":{"start":{"line":62,"column":2},"end":{"line":62,"column":95}},"13":{"start":{"line":71,"column":17},"end":{"line":71,"column":56}},"14":{"start":{"line":72,"column":15},"end":{"line":72,"column":62}},"15":{"start":{"line":73,"column":2},"end":{"line":73,"column":29}},"16":{"start":{"line":83,"column":17},"end":{"line":83,"column":56}},"17":{"start":{"line":84,"column":15},"end":{"line":84,"column":43}},"18":{"start":{"line":85,"column":14},"end":{"line":85,"column":77}},"19":{"start":{"line":86,"column":2},"end":{"line":86,"column":53}},"20":{"start":{"line":95,"column":17},"end":{"line":95,"column":56}},"21":{"start":{"line":96,"column":14},"end":{"line":96,"column":73}},"22":{"start":{"line":97,"column":2},"end":{"line":99,"column":72}},"23":{"start":{"line":98,"column":17},"end":{"line":98,"column":40}},"24":{"start":{"line":99,"column":15},"end":{"line":99,"column":69}},"25":{"start":{"line":109,"column":17},"end":{"line":109,"column":56}},"26":{"start":{"line":110,"column":2},"end":{"line":110,"column":92}},"27":{"start":{"line":119,"column":2},"end":{"line":119,"column":32}},"28":{"start":{"line":129,"column":17},"end":{"line":129,"column":56}},"29":{"start":{"line":130,"column":2},"end":{"line":130,"column":72}},"30":{"start":{"line":140,"column":17},"end":{"line":140,"column":56}},"31":{"start":{"line":142,"column":2},"end":{"line":142,"column":74}},"32":{"start":{"line":145,"column":0},"end":{"line":157,"column":2}}},"fnMap":{"0":{"name":"normalizeFile","decl":{"start":{"line":9,"column":9},"end":{"line":9,"column":22}},"loc":{"start":{"line":9,"column":34},"end":{"line":18,"column":1}},"line":9},"1":{"name":"listFiles","decl":{"start":{"line":25,"column":15},"end":{"line":25,"column":24}},"loc":{"start":{"line":25,"column":35},"end":{"line":30,"column":1}},"line":25},"2":{"name":"searchFiles","decl":{"start":{"line":37,"column":15},"end":{"line":37,"column":26}},"loc":{"start":{"line":37,"column":34},"end":{"line":41,"column":1}},"line":37},"3":{"name":"downloadFile","decl":{"start":{"line":48,"column":15},"end":{"line":48,"column":27}},"loc":{"start":{"line":48,"column":32},"end":{"line":52,"column":1}},"line":48},"4":{"name":"uploadFile","decl":{"start":{"line":60,"column":15},"end":{"line":60,"column":25}},"loc":{"start":{"line":60,"column":41},"end":{"line":63,"column":1}},"line":60},"5":{"name":"getFileMetadata","decl":{"start":{"line":70,"column":15},"end":{"line":70,"column":30}},"loc":{"start":{"line":70,"column":35},"end":{"line":74,"column":1}},"line":70},"6":{"name":"createSharingLink","decl":{"start":{"line":82,"column":15},"end":{"line":82,"column":32}},"loc":{"start":{"line":82,"column":52},"end":{"line":87,"column":1}},"line":82},"7":{"name":"getSharingLinks","decl":{"start":{"line":94,"column":15},"end":{"line":94,"column":30}},"loc":{"start":{"line":94,"column":35},"end":{"line":100,"column":1}},"line":94},"8":{"name":"(anonymous_8)","decl":{"start":{"line":98,"column":12},"end":{"line":98,"column":13}},"loc":{"start":{"line":98,"column":17},"end":{"line":98,"column":40}},"line":98},"9":{"name":"(anonymous_9)","decl":{"start":{"line":99,"column":9},"end":{"line":99,"column":10}},"loc":{"start":{"line":99,"column":15},"end":{"line":99,"column":69}},"line":99},"10":{"name":"removeSharingPermission","decl":{"start":{"line":108,"column":15},"end":{"line":108,"column":38}},"loc":{"start":{"line":108,"column":61},"end":{"line":111,"column":1}},"line":108},"11":{"name":"getFileContent","decl":{"start":{"line":118,"column":15},"end":{"line":118,"column":29}},"loc":{"start":{"line":118,"column":34},"end":{"line":120,"column":1}},"line":118},"12":{"name":"setFileContent","decl":{"start":{"line":128,"column":15},"end":{"line":128,"column":29}},"loc":{"start":{"line":128,"column":43},"end":{"line":131,"column":1}},"line":128},"13":{"name":"updateFileContent","decl":{"start":{"line":139,"column":15},"end":{"line":139,"column":32}},"loc":{"start":{"line":139,"column":46},"end":{"line":143,"column":1}},"line":139}},"branchMap":{"0":{"loc":{"start":{"line":27,"column":15},"end":{"line":27,"column":92}},"type":"cond-expr","locations":[{"start":{"line":27,"column":26},"end":{"line":27,"column":64}},{"start":{"line":27,"column":67},"end":{"line":27,"column":92}}],"line":27},"1":{"loc":{"start":{"line":29,"column":10},"end":{"line":29,"column":25}},"type":"binary-expr","locations":[{"start":{"line":29,"column":10},"end":{"line":29,"column":19}},{"start":{"line":29,"column":23},"end":{"line":29,"column":25}}],"line":29},"2":{"loc":{"start":{"line":40,"column":10},"end":{"line":40,"column":25}},"type":"binary-expr","locations":[{"start":{"line":40,"column":10},"end":{"line":40,"column":19}},{"start":{"line":40,"column":23},"end":{"line":40,"column":25}}],"line":40},"3":{"loc":{"start":{"line":82,"column":37},"end":{"line":82,"column":50}},"type":"default-arg","locations":[{"start":{"line":82,"column":44},"end":{"line":82,"column":50}}],"line":82},"4":{"loc":{"start":{"line":86,"column":9},"end":{"line":86,"column":52}},"type":"cond-expr","locations":[{"start":{"line":86,"column":20},"end":{"line":86,"column":47}},{"start":{"line":86,"column":50},"end":{"line":86,"column":52}}],"line":86},"5":{"loc":{"start":{"line":97,"column":10},"end":{"line":97,"column":25}},"type":"binary-expr","locations":[{"start":{"line":97,"column":10},"end":{"line":97,"column":19}},{"start":{"line":97,"column":23},"end":{"line":97,"column":25}}],"line":97},"6":{"loc":{"start":{"line":98,"column":17},"end":{"line":98,"column":40}},"type":"binary-expr","locations":[{"start":{"line":98,"column":17},"end":{"line":98,"column":23}},{"start":{"line":98,"column":27},"end":{"line":98,"column":40}}],"line":98}},"s":{"0":1,"1":7,"2":3,"3":3,"4":3,"5":2,"6":1,"7":1,"8":1,"9":3,"10":3,"11":1,"12":1,"13":2,"14":2,"15":1,"16":2,"17":2,"18":2,"19":1,"20":1,"21":1,"22":1,"23":1,"24":1,"25":1,"26":1,"27":2,"28":1,"29":1,"30":1,"31":1,"32":1},"f":{"0":7,"1":3,"2":1,"3":3,"4":1,"5":2,"6":2,"7":1,"8":1,"9":1,"10":1,"11":2,"12":1,"13":1},"b":{"0":[1,2],"1":[2,0],"2":[1,0],"3":[0],"4":[1,0],"5":[1,0],"6":[1,1]},"_coverageSchema":"1a1c01bbd47fc00a2c39e90264f33305004495a9","hash":"af97e9bea306e9f9a88a8a250ab6a469270d4011"}
[...]
umn":56}},"15":{"start":{"line":36,"column":8},"end":{"line":36,"column":32}},"16":{"start":{"line":37,"column":8},"end":{"line":37,"column":37}},"17":{"start":{"line":38,"column":8},"end":{"line":38,"column":39}},"18":{"start":{"line":39,"column":8},"end":{"line":39,"column":67}},"19":{"start":{"line":39,"column":48},"end":{"line":39,"column":65}},"20":{"start":{"line":40,"column":8},"end":{"line":42,"column":11}},"21":{"start":{"line":41,"column":12},"end":{"line":41,"column":53}},"22":{"start":{"line":41,"column":35},"end":{"line":41,"column":53}},"23":{"start":{"line":49,"column":22},"end":{"line":49,"column":45}},"24":{"start":{"line":50,"column":8},"end":{"line":50,"column":27}},"25":{"start":{"line":50,"column":20},"end":{"line":50,"column":27}},"26":{"start":{"line":51,"column":8},"end":{"line":51,"column":30}},"27":{"start":{"line":53,"column":8},"end":{"line":53,"column":38}},"28":{"start":{"line":55,"column":8},"end":{"line":60,"column":9}},"29":{"start":{"line":56,"column":24},"end":{"line":56,"column":55}},"30":{"start":{"line":57,"column":12},"end":{"line":57,"column":69}},"31":{"start":{"line":59,"column":12},"end":{"line":59,"column":65}},"32":{"start":{"line":69,"column":20},"end":{"line":69,"column":49}},"33":{"start":{"line":70,"column":8},"end":{"line":70,"column":34}},"34":{"start":{"line":71,"column":8},"end":{"line":71,"column":62}},"35":{"start":{"line":72,"column":8},"end":{"line":72,"column":43}},"36":{"start":{"line":73,"column":8},"end":{"line":73,"column":69}}},"fnMap":{"0":{"name":"(anonymous_0)","decl":{"start":{"line":11,"column":4},"end":{"line":11,"column":5}},"loc":{"start":{"line":11,"column":34},"end":{"line":17,"column":5}},"line":11},"1":{"name":"(anonymous_1)","decl":{"start":{"line":22,"column":4},"end":{"line":22,"column":5}},"loc":{"start":{"line":22,"column":13},"end":{"line":43,"column":5}},"line":22},"2":{"name":"(anonymous_2)","decl":{"start":{"line":39,"column":42},"end":{"line":39,"column":43}},"loc":{"start":{"line":39,"column":48},"end":{"line":39,"column":65}},"line":39},"3":{"name":"(anonymous_3)","decl":{"start":{"line":40,"column":47},"end":{"line":40,"column":48}},"loc":{"start":{"line":40,"column":54},"end":{"line":42,"column":9}},"line":40},"4":{"name":"(anonymous_4)","decl":{"start":{"line":48,"column":4},"end":{"line":48,"column":5}},"loc":{"start":{"line":48,"column":23},"end":{"line":61,"column":5}},"line":48},"5":{"name":"(anonymous_5)","decl":{"start":{"line":68,"column":4},"end":{"line":68,"column":5}},"loc":{"start":{"line":68,"column":29},"end":{"line":74,"column":5}},"line":68}},"branchMap":{"0":{"loc":{"start":{"line":41,"column":12},"end":{"line":41,"column":53}},"type":"if","locations":[{"start":{"line":41,"column":12},"end":{"line":41,"column":53}},{"start":{},"end":{}}],"line":41},"1":{"loc":{"start":{"line":50,"column":8},"end":{"line":50,"column":27}},"type":"if","locations":[{"start":{"line":50,"column":8},"end":{"line":50,"column":27}},{"start":{},"end":{}}],"line":50},"2":{"loc":{"start":{"line":57,"column":36},"end":{"line":57,"column":67}},"type":"binary-expr","locations":[{"start":{"line":57,"column":36},"end":{"line":57,"column":44}},{"start":{"line":57,"column":48},"end":{"line":57,"column":67}}],"line":57},"3":{"loc":{"start":{"line":59,"column":37},"end":{"line":59,"column":63}},"type":"binary-expr","locations":[{"start":{"line":59,"column":37},"end":{"line":59,"column":48}},{"start":{"line":59,"column":52},"end":{"line":59,"column":63}}],"line":59}},"s":{"0":3,"1":3,"2":3,"3":3,"4":3,"5":3,"6":3,"7":3,"8":3,"9":3,"10":3,"11":3,"12":3,"13":3,"14":3,"15":3,"16":3,"17":3,"18":3,"19":0,"20":3,"21":0,"22":0,"23":2,"24":2,"25":1,"26":1,"27":1,"28":1,"29":1,"30":1,"31":0,"32":2,"33":2,"34":2,"35":2,"36":2},"f":{"0":3,"1":3,"2":0,"3":0,"4":2,"5":2},"b":{"0":[0,0],"1":[1,1],"2":[1,0],"3":[0,0]},"_coverageSchema":"1a1c01bbd47fc00a2c39e90264f33305004495a9","hash":"5c35a01682df0757270ff0eb0b9c1b945edc841d"}
,"/Users/aaanerud/Documents/Utviklings_Prosjekter/Microsoft/MCP Microsoft Office/src/renderer/components/Conversation.js": {"path":"/Users/aaanerud/Documents/Utviklings_Prosjekter/Microsoft/MCP Microsoft Office/src/renderer/components/Conversation.js","statementMap":{"0":{"start":{"line":10,"column":8},"end":{"line":10,"column":25}},"1":{"start":{"line":11,"column":8},"end":{"line":11,"column":55}},"2":{"start":{"line":12,"column":8},"end":{"line":12,"column":53}},"3":{"start":{"line":13,"column":8},"end":{"line":13,"column":50}},"4":{"start":{"line":14,"column":8},"end":{"line":14,"column":46}},"5":{"start":{"line":22,"column":8},"end":{"line":22,"column":38}},"6":{"start":{"line":23,"column":8},"end":{"line":25,"column":11}},"7":{"start":{"line":24,"column":12},"end":{"line":24,"column":50}},"8":{"start":{"line":26,"column":8},"end":{"line":26,"column":63}},"9":{"start":{"line":35,"column":20},"end":{"line":35,"column":49}},"10":{"start":{"line":36,"column":8},"end":{"line":36,"column":34}},"11":{"start":{"line":37,"column":8},"end":{"line":37,"column":62}},"12":{"start":{"line":38,"column":8},"end":{"line":38,"column":40}},"13":{"start":{"line":39,"column":8},"end":{"line":39,"column":63}},"14":{"start":{"line":46,"column":8},"end":{"line":46,"column":38}}},"fnMap":{"0":{"name":"(anonymous_0)","decl":{"start":{"line":9,"column":4},"end":{"line":9,"column":5}},"loc":{"start":{"line":9,"column":22},"end":{"line":15,"column":5}},"line":9},"1":{"name":"(anonymous_1)","decl":{"start":{"line":21,"column":4},"end":{"line":21,"column":5}},"loc":{"start":{"line":21,"column":21},"end":{"line":27,"column":5}},"line":21},"2":{"name":"(anonymous_2)","decl":{"start":{"line":23,"column":25},"end":{"line":23,"column":26}},"loc":{"start":{"line":23,"column":32},"end":{"line":25,"column":9}},"line":23},"3":{"name":"(anonymous_3)","decl":{"start":{"line":34,"column":4},"end":{"line":34,"column":5}},"loc":{"start":{"line":34,"column":29},"end":{"line":40,"column":5}},"line":34},"4":{"name":"(anonymous_4)","decl":{"start":{"line":45,"column":4},"end":{"line":45,"column":5}},"loc":{"start":{"line":45,"column":12},"end":{"line":47,"column":5}},"line":45}},"branchMap":{},"s":{"0":3,"1":3,"2":3,"3":3,"4":3,"5":2,"6":2,"7":3,"8":2,"9":4,"10":4,"11":4,"12":4,"13":4,"14":1},"f":{"0":3,"1":2,"2":3,"3":4,"4":1},"b":{},"_coverageSchema":"1a1c01bbd47fc00a2c39e90264f33305004495a9","hash":"b7b4448654bf8bb548e4929ae5d0bd58ad995eac"}
,"/Users/aaanerud/Documents/Utviklings_Prosjekter/Microsoft/MCP Microsoft Office/src/renderer/components/InputForm.js": {"path":"/Users/aaanerud/Documents/Utviklings_Prosjekter/Microsoft/MCP Microsoft Office/src/renderer/components/InputForm.js","statementMap":{"0":{"start":{"line":16,"column":8},"end":{"line":16,"column":25}},"1":{"start":{"line":17,"column":8},"end":{"line":17,"column":29}},"2":{"start":{"line":18,"column":8},"end":{"line":18,"column":55}},"3":{"start":{"line":19,"column":8},"end":{"line":19,"column":48}},"4":{"start":{"line":21,"column":8},"end":{"line":21,"column":53}},"5":{"start":{"line":22,"column":8},"end":{"line":22,"column":33}},"6":{"start":{"line":23,"column":8},"end":{"line":23,"column":38}},"7":{"start":{"line":24,"column":8},"end":{"line":24,"column":54}},"8":{"start":{"line":25,"column":8},"end":{"line":25,"column":47}},"9":{"start":{"line":27,"column":8},"end":{"line":27,"column":56}},"10":{"start":{"line":28,"column":8},"end":{"line":28,"column":37}},"11":{"start":{"line":29,"column":8},"end":{"line":29,"column":42}},"12":{"start":{"line":30,"column":8},"end":{"line":30,"column":49}},"13":{"start":{"line":32,"column":8},"end":{"line":32,"column":72}},"14":{"start":{"line":32,"column":53},"end":{"line":32,"column":70}},"15":{"start":{"line":33,"column":8},"end":{"line":35,"column":11}},"16":{"start":{"line":34,"column":12},"end":{"line":34,"column":53}},"17":{"start":{"line":34,"column":35},"end":{"line":34,"column":53}},"18":{"start":{"line":36,"column":8},"end":{"line":36,"column":46}},"19":{"start":{"line":43,"column":22},"end":{"line":43,"column":45}},"20":{"start":{"line":44,"column":8},"end":{"line":44,"column":27}},"21":{"start":{"line":44,"column":20},"end":{"line":44,"column":27}},"22":{"start":{"line":45,"column":8},"end":{"line":45,"column":30}},"23":{"start":{"line":46,"column":8},"end":{"line":48,"column":9}},"24":{"start":{"line":47,"column":12},"end":{"line":47,"column":31}},"25":{"start":{"line":55,"column":8},"end":{"line":55,"column":27}},"26":{"start":{"line":62,"column":8},"end":{"line":62,"column":30}}},"fnMap":{"0":{"name":"(anonymous_0)","decl":{"start":{"line":15,"column":4},"end":{"line":15,"column":5}},"loc":{"start":{"line":15,"column":30},"end":{"line":37,"column":5}},"line":15},"1":{"name":"(anonymous_1)","decl":{"start":{"line":32,"column":47},"end":{"line":32,"column":48}},"loc":{"start":{"line":32,"column":53},"end":{"line":32,"column":70}},"line":32},"2":{"name":"(anonymous_2)","decl":{"start":{"line":33,"column":47},"end":{"line":33,"column":48}},"loc":{"start":{"line":33,"column":54},"end":{"line":35,"column":9}},"line":33},"3":{"name":"(anonymous_3)","decl":{"start":{"line":42,"column":4},"end":{"line":42,"column":5}},"loc":{"start":{"line":42,"column":17},"end":{"line":49,"column":5}},"line":42},"4":{"name":"(anonymous_4)","decl":{"start":{"line":54,"column":4},"end":{"line":54,"column":5}},"loc":{"start":{"line":54,"column":12},"end":{"line":56,"column":5}},"line":54},"5":{"name":"(anonymous_5)","decl":{"start":{"line":61,"column":4},"end":{"line":61,"column":5}},"loc":{"start":{"line":61,"column":12},"end":{"line":63,"column":5}},"line":61}},"branchMap":{"0":{"loc":{"start":{"line":34,"column":12},"end":{"line":34,"column":53}},"type":"if","locations":[{"start":{"line":34,"column":12},"end":{"line":34,"column":53}},{"start":{},"end":{}}],"line":34},"1":{"loc":{"start":{"line":44,"column":8},"end":{"line":44,"column":27}},"type":"if","locations":[{"start":{"line":44,"column":8},"end":{"line":44,"column":27}},{"start":{},"end":{}}],"line":44},"2":{"loc":{"start":{"line":46,"column":8},"end":{"line":48,"column":9}},"type":"if","locations":[{"start":{"line":46,"column":8},"end":{"line":48,"column":9}},{"start":{},"end":{}}],"line":46}},"s":{"0":5,"1":5,"2":5,"3":5,"4":5,"5":5,"6":5,"7":5,"8":5,"9":5,"10":5,"11":5,"12":5,"13":5,"14":2,"15":5,"16":1,"17":1,"18":5,"19":3,"20":3,"21":1,"22":2,"23":2,"24":2,"25":1,"26":1},"f":{"0":5,"1":2,"2":1,"3":3,"4":1,"5":1},"b":{"0":[1,0],"1":[1,2],"2":[2,0]},"_coverageSchema":"1a1c01bbd47fc00a2c39e90264f33305004495a9","hash":"2c9d13deb0cfefdb61810173bbc8b5571ad87fdf"}
,"/Users/aaanerud/Documents/Utviklings_Prosjekter/Microsoft/MCP Microsoft Office/src/renderer/components/LoadingIndicator.js": {"path":"/Users/aaanerud/Documents/Utviklings_Prosjekter/Microsoft/MCP Microsoft Office/src/renderer/components/LoadingIndicator.js","statementMap":{"0":{"start":{"line":16,"column":8},"end":{"line":16,"column":25}},"1":{"start":{"line":17,"column":8},"end":{"line":17,"column":31}},"2":{"start":{"line":18,"column":8},"end":{"line":18,"column":55}},"3":{"start":{"line":19,"column":8},"end":{"line":19,"column":55}},"4":{"start":{"line":20,"column":8},"end":{"line":20,"column":46}},"5":{"start":{"line":21,"column":8},"end":{"line":21,"column":64}},"6":{"start":{"line":22,"column":8},"end":{"line":22,"column":46}},"7":{"start":{"line":30,"column":8},"end":{"line":30,"column":50}},"8":{"start":{"line":30,"column":18},"end":{"line":30,"column":50}},"9":{"start":{"line":31,"column":8},"end":{"line":31,"column":47}},"10":{"start":{"line":38,"column":8},"end":{"line":38,"column":46}},"11":{"start":{"line":46,"column":8},"end":{"line":46,"column":40}}},"fnMap":{"0":{"name":"(anonymous_0)","decl":{"start":{"line":15,"column":4},"end":{"line":15,"column":5}},"loc":{"start":{"line":15,"column":36},"end":{"line":23,"column":5}},"line":15},"1":{"name":"(anonymous_1)","decl":{"start":{"line":29,"column":4},"end":{"line":29,"column":5}},"loc":{"start":{"line":29,"column":15},"end":{"line":32,"column":5}},"line":29},"2":{"name":"(anonymous_2)","decl":{"start":{"line":37,"column":4},"end":{"line":37,"column":5}},"loc":{"start":{"line":37,"column":11},"end":{"line":39,"column":5}},"line":37},"3":{"name":"(anonymous_3)","decl":{"start":{"line":45,"column":4},"end":{"line":45,"column":5}},"loc":{"start":{"line":45,"column":18},"end":{"line":47,"column":5}},"line":45}},"branchMap":{"0":{"loc":{"start":{"line":15,"column":22},"end":{"line":15,"column":34}},"type":"default-arg","locations":[{"start":{"line":15,"column":32},"end":{"line":15,"column":34}}],"line":15},"1":{"loc":{"start":{"line":21,"column":35},"end":{"line":21,"column":63}},"type":"binary-expr","locations":[{"start":{"line":21,"column":35},"end":{"line":21,"column":47}},{"start":{"line":21,"column":51},"end":{"line":21,"column":63}}],"line":21},"2":{"loc":{"start":{"line":30,"column":8},"end":{"line":30,"column":50}},"type":"if","locations":[{"start":{"line":30,"column":8},"end":{"line":30,"column":50}},{"start":{},"end":{}}],"line":30}},"s":{"0":3,"1":3,"2":3,"3":3,"4":3,"5":3,"6":3,"7":2,"8":1,"9":2,"10":1,"11":1},"f":{"0":3,"1":2,"2":1,"3":1},"b":{"0":[2],"1":[3,2],"2":[1,1]},"_coverageSchema":"1a1c01bbd47fc00a2c39e90264f33305004495a9","hash":"d23a5ea2cc171d897c2a781a6b065f592a0fbe73"}
,"/Users/aaanerud/Documents/Utviklings_Prosjekter/Microsoft/MCP Microsoft Office/src/renderer/components/Message.js": {"path":"/Users/aaanerud/Documents/Utviklings_Prosjekter/Microsoft/MCP Microsoft Office/src/renderer/components/Message.js","statementMap":{"0":{"start":{"line":13,"column":16},"end":{"line":13,"column":45}},"1":{"start":{"line":14,"column":4},"end":{"line":14,"column":30}},"2":{"start":{"line":15,"column":4},"end":{"line":15,"column":58}},"3":{"start":{"line":16,"column":4},"end":{"line":16,"column":15}}},"fnMap":{"0":{"name":"Message","decl":{"start":{"line":12,"column":16},"end":{"line":12,"column":23}},"loc":{"start":{"line":12,"column":38},"end":{"line":17,"column":1}},"line":12}},"branchMap":{},"s":{"0":2,"1":2,"2":2,"3":2},"f":{"0":2},"b":{},"_coverageSchema":"1a1c01bbd47fc00a2c39e90264f33305004495a9","hash":"efd0b3bebda8d27cd478313b8539ce2b2bb722b0"}
,"/Users/aaanerud/Documents/Utviklings_Prosjekter/Microsoft/MCP Microsoft Office/src/renderer/components/SettingsPanel.js": {"path":"/Users/aaanerud/Documents/Utviklings_Prosjekter/Microsoft/MCP Microsoft Office/src/renderer/components/SettingsPanel.js","statementMap":{"0":{"start":{"line":16,"column":8},"end":{"line":16,"column":25}},"1":{"start":{"line":17,"column":8},"end":{"line":17,"column":31}},"2":{"start":{"line":18,"column":8},"end":{"line":18,"column":55}},"3":{"start":{"line":19,"column":8},"end":{"line":19,"column":52}},"4":{"start":{"line":20,"column":8},"end":{"line":20,"column":46}},"5":{"start":{"line":21,"column":8},"end":{"line":21,"column":46}},"6":{"start":{"line":22,"column":8},"end":{"line":22,"column":22}},"7":{"start":{"line":29,"column":8},"end":{"line":29,"column":38}},"8":{"start":{"line":30,"column":22},"end":{"line":30,"column":50}},"9":{"start":{"line":31,"column":8},"end":{"line":31,"column":39}},"10":{"start":{"line":32,"column":8},"end":{"line":32,"column":42}},"11":{"start":{"line":34,"column":30},"end":{"line":34,"column":61}},"12":{"start":{"line":35,"column":8},"end":{"line":35,"column":48}},"13":{"start":{"line":36,"column":30},"end":{"line":36,"column":61}},"14":{"start":{"line":37,"column":8},"end":{"line":37,"column":40}},"15":{"start":{"line":38,"column":8},"end":{"line":38,"column":47}},"16":{"start":{"line":39,"column":8},"end":{"line":39,"column":56}},"17":{"start":{"line":40,"column":8},"end":{"line":40,"column":49}},"18":{"start":{"line":41,"column":8},"end":{"line":41,"column":50}},"19":{"start":{"line":43,"column":24},"end":{"line":43,"column":56}},"20":{"start":{"line":44,"column":8},"end":{"line":44,"column":37}},"21":{"start":{"line":45,"column":8},"end":{"line":45,"column":67}},"22":{"start":{"line":45,"column":48},"end":{"line":45,"column":65}},"23":{"start":{"line":46,"column":8},"end":{"line":46,"column":44}},"24":{"start":{"line":53,"column":8},"end":{"line":53,"column":47}},"25":{"start":{"line":60,"column":8},"end":{"line":60,"column":46}},"26":{"start":{"line":67,"column":25},"end":{"line":67,"column":83}},"27":{"start":{"line":68,"column":8},"end":{"line":70,"column":9}},"28":{"start":{"line":69,"column":12},"end":{"line":69,"column":46}},"29":{"start":{"line":71,"column":8},"end":{"line":71,"column":20}}},"fnMap":{"0":{"name":"(anonymous_0)","decl":{"start":{"line":15,"column":4},"end":{"line":15,"column":5}},"loc":{"start":{"line":15,"column":36},"end":{"line":23,"column":5}},"line":15},"1":{"name":"(anonymous_1)","decl":{"start":{"line":28,"column":4},"end":{"line":28,"column":5}},"loc":{"start":{"line":28,"column":13},"end":{"line":47,"column":5}},"line":28},"2":{"name":"(anonymous_2)","decl":{"start":{"line":45,"column":42},"end":{"line":45,"column":43}},"loc":{"start":{"line":45,"column":48},"end":{"line":45,"column":65}},"line":45},"3":{"name":"(anonymous_3)","decl":{"start":{"line":52,"column":4},"end":{"line":52,"column":5}},"loc":{"start":{"line":52,"column":11},"end":{"line":54,"column":5}},"line":52},"4":{"name":"(anonymous_4)","decl":{"start":{"line":59,"column":4},"end":{"line":59,"column":5}},"loc":{"start":{"line":59,"column":11},"end":{"line":61,"column":5}},"line":59},"5":{"name":"(anonymous_5)","decl":{"start":{"line":66,"column":4},"end":{"line":66,"column":5}},"loc":{"start":{"line":66,"column":17},"end":{"line":72,"column":5}},"line":66}},"branchMap":{"0":{"loc":{"start":{"line":15,"column":22},"end":{"line":15,"column":34}},"type":"default-arg","locations":[{"start":{"line":15,"column":32},"end":{"line":15,"column":34}}],"line":15},"1":{"loc":{"start":{"line":68,"column":8},"end":{"line":70,"column":9}},"type":"if","locations":[{"start":{"line":68,"column":8},"end":{"line":70,"column":9}},{"start":{},"end":{}}],"line":68}},"s":{"0":3,"1":3,"2":3,"3":3,"4":3,"5":3,"6":3,"7":3,"8":3,"9":3,"10":3,"11":3,"12":3,"13":3,"14":3,"15":3,"16":3,"17":3,"18":3,"19":3,"20":3,"21":3,"22":1,"23":3,"24":3,"25":2,"26":1,"27":1,"28":1,"29":1},"f":{"0":3,"1":3,"2":1,"3":3,"4":2,"5":1},"b":{"0":[0],"1":[1,0]},"_coverageSchema":"1a1c01bbd47fc00a2c39e90264f33305004495a9","hash":"b64ebda68901bd46e4a1eaba4f9e0a01282fc316"}
,"/Users/aaanerud/Documents/Utviklings_Prosjekter/Microsoft/MCP Microsoft Office/test/unit/modules/mock-modules/a.js": {"path":"/Users/aaanerud/Documents/Utviklings_Prosjekter/Microsoft/MCP Microsoft Office/test/unit/modules/mock-modules/a.js","statementMap":{"0":{"start":{"line":1,"column":0},"end":{"line":1,"column":104}}},"fnMap":{"0":{"name":"(anonymous_0)","decl":{"start":{"line":1,"column":69},"end":{"line":1,"column":70}},"loc":{"start":{"line":1,"column":75},"end":{"line":1,"column":77}},"line":1},"1":{"name":"(anonymous_1)","decl":{"start":{"line":1,"column":93},"end":{"line":1,"column":94}},"loc":{"start":{"line":1,"column":99},"end":{"line":1,"column":101}},"line":1}},"branchMap":{},"s":{"0":1},"f":{"0":0,"1":0},"b":{},"_coverageSchema":"1a1c01bbd47fc00a2c39e90264f33305004495a9","hash":"91de956af2047b79f1a9c16c7082fe68de5b03e4"}
,"/Users/aaanerud/Documents/Utviklings_Prosjekter/Microsoft/MCP Microsoft Office/test/unit/modules/mock-modules/b.js": {"path":"/Users/aaanerud/Documents/Utviklings_Prosjekter/Microsoft/MCP Microsoft Office/test/unit/modules/mock-modules/b.js","statementMap":{"0":{"start":{"line":1,"column":0},"end":{"line":1,"column":104}}},"fnMap":{"0":{"name":"(anonymous_0)","decl":{"start":{"line":1,"column":69},"end":{"line":1,"column":70}},"loc":{"start":{"line":1,"column":75},"end":{"line":1,"column":77}},"line":1},"1":{"name":"(anonymous_1)","decl":{"start":{"line":1,"column":93},"end":{"line":1,"column":94}},"loc":{"start":{"line":1,"column":99},"end":{"line":1,"column":101}},"line":1}},"branchMap":{},"s":{"0":1},"f":{"0":0,"1":0},"b":{},"_coverageSchema":"1a1c01bbd47fc00a2c39e90264f33305004495a9","hash":"3d69381b265d2d8eb6df9c43f1e3190a902a5466"}
}
