TN:
SF:src/api/api-context.js
FNF:0
FNH:0
DA:6,2
DA:7,2
DA:8,2
DA:9,2
DA:10,2
DA:11,2
DA:12,2
DA:15,2
DA:16,2
DA:17,2
DA:20,2
DA:21,2
DA:22,2
DA:24,2
LF:14
LH:14
BRF:0
BRH:0
end_of_record
TN:
SF:src/api/routes.js
FN:18,registerRoutes
FN:20,(anonymous_1)
FNF:2
FNH:2
FNDA:4,registerRoutes
FNDA:1,(anonymous_1)
DA:6,2
DA:7,2
DA:8,2
DA:9,2
DA:10,2
DA:11,2
DA:12,2
DA:20,4
DA:21,1
DA:24,4
DA:25,4
DA:28,4
DA:29,4
DA:30,4
DA:31,4
DA:38,4
DA:41,4
DA:42,4
DA:45,4
DA:46,4
DA:49,4
DA:50,4
DA:53,4
DA:56,2
LF:24
LH:24
BRF:0
BRH:0
end_of_record
TN:
SF:src/api/controllers/calendar-controller.js
FN:12,(anonymous_0)
FN:16,(anonymous_1)
FN:32,(anonymous_2)
FNF:3
FNH:3
FNDA:8,(anonymous_0)
FNDA:1,(anonymous_1)
FNDA:3,(anonymous_2)
DA:5,3
DA:6,3
DA:12,8
DA:17,1
DA:19,1
DA:23,1
DA:25,0
DA:26,0
DA:34,3
DA:45,3
DA:46,3
DA:47,3
DA:48,1
DA:50,2
DA:51,1
DA:53,1
DA:54,1
LF:17
LH:15
BRDA:20,0,0,1
BRDA:20,0,1,1
BRDA:47,1,0,1
BRDA:47,1,1,2
BRF:4
BRH:4
end_of_record
TN:
SF:src/api/controllers/files-controller.js
FN:12,(anonymous_0)
FN:16,(anonymous_1)
FN:31,(anonymous_2)
FNF:3
FNH:3
FNDA:8,(anonymous_0)
FNDA:1,(anonymous_1)
FNDA:3,(anonymous_2)
DA:5,3
DA:6,3
DA:12,8
DA:17,1
DA:19,1
DA:22,1
DA:24,0
DA:25,0
DA:33,3
DA:37,3
DA:38,3
DA:39,3
DA:40,1
DA:42,2
DA:43,1
DA:45,1
DA:46,1
LF:17
LH:15
BRDA:39,0,0,1
BRDA:39,0,1,2
BRF:2
BRH:2
end_of_record
TN:
SF:src/api/controllers/mail-controller.js
FN:12,(anonymous_0)
FN:16,(anonymous_1)
FN:32,(anonymous_2)
FNF:3
FNH:3
FNDA:8,(anonymous_0)
FNDA:1,(anonymous_1)
FNDA:3,(anonymous_2)
DA:5,3
DA:6,3
DA:12,8
DA:17,1
DA:19,1
DA:23,1
DA:25,0
DA:26,0
DA:34,3
DA:42,3
DA:43,3
DA:44,3
DA:45,1
DA:47,2
DA:48,1
DA:50,1
DA:51,1
LF:17
LH:15
BRDA:20,0,0,1
BRDA:20,0,1,1
BRDA:44,1,0,1
BRDA:44,1,1,2
BRF:4
BRH:4
end_of_record
TN:
SF:src/api/controllers/query-controller.js
FN:15,(anonymous_0)
FN:21,(anonymous_1)
FNF:2
FNH:2
FNDA:7,(anonymous_0)
FNDA:3,(anonymous_1)
DA:5,3
DA:7,3
DA:15,7
DA:22,3
DA:23,3
DA:24,3
DA:25,1
DA:28,2
DA:30,1
DA:34,1
DA:35,1
DA:37,1
DA:38,1
LF:13
LH:13
BRDA:24,0,0,1
BRDA:24,0,1,2
BRF:2
BRH:2
end_of_record
TN:
SF:src/api/middleware/auth-middleware.js
FN:12,requireAuth
FNF:1
FNH:1
FNDA:1,requireAuth
DA:6,2
DA:13,1
DA:14,1
DA:15,1
DA:16,1
DA:17,1
DA:20,0
DA:21,0
DA:22,0
DA:24,0
DA:25,0
DA:27,0
DA:31,2
LF:13
LH:7
BRDA:14,0,0,1
BRDA:14,0,1,1
BRDA:16,1,0,1
BRDA:16,1,1,0
BRDA:21,2,0,0
BRDA:21,2,1,0
BRF:6
BRH:3
end_of_record
TN:
SF:src/core/auth-service.js
FN:18,setToken
FN:29,getToken
FN:37,isAuthenticated
FN:46,clearToken
FNF:4
FNH:4
FNDA:3,setToken
FNDA:3,getToken
FNDA:2,isAuthenticated
FNDA:1,clearToken
DA:8,7
DA:10,7
DA:19,3
DA:20,2
DA:22,1
DA:30,3
DA:38,2
DA:39,2
DA:47,1
DA:50,7
LF:10
LH:10
BRDA:19,0,0,2
BRDA:19,0,1,1
BRDA:19,1,0,3
BRDA:19,1,1,1
BRDA:19,1,2,1
BRDA:39,2,0,2
BRDA:39,2,1,1
BRDA:39,2,2,1
BRF:8
BRH:8
end_of_record
TN:
SF:src/core/cache-service.js
FN:9,(anonymous_0)
FN:20,(anonymous_1)
FN:42,(anonymous_2)
FN:48,(anonymous_3)
FN:59,(anonymous_4)
FN:74,(anonymous_5)
FN:82,(anonymous_6)
FNF:7
FNH:7
FNDA:3,(anonymous_0)
FNDA:6,(anonymous_1)
FNDA:4,(anonymous_2)
FNDA:1,(anonymous_3)
FNDA:8,(anonymous_4)
FNDA:1,(anonymous_5)
FNDA:4,(anonymous_6)
DA:6,3
DA:10,3
DA:11,3
DA:12,3
DA:21,6
DA:22,6
DA:23,3
DA:24,3
DA:26,3
DA:27,0
DA:28,0
DA:29,0
DA:31,3
DA:32,3
DA:43,4
DA:44,4
DA:45,4
DA:46,4
DA:48,4
DA:49,1
DA:51,4
DA:60,8
DA:61,4
DA:62,4
DA:64,8
DA:65,4
DA:66,4
DA:75,1
DA:83,4
DA:84,1
DA:89,3
LF:31
LH:28
BRDA:22,0,0,3
BRDA:22,0,1,3
BRDA:26,1,0,0
BRDA:26,1,1,3
BRDA:42,2,0,0
BRDA:60,3,0,4
BRDA:60,3,1,4
BRDA:64,4,0,4
BRDA:64,4,1,4
BRF:9
BRH:7
end_of_record
TN:
SF:src/core/context-service.js
FN:11,(anonymous_0)
FN:28,(anonymous_1)
FN:48,(anonymous_2)
FN:63,(anonymous_3)
FN:82,(anonymous_4)
FN:93,(anonymous_5)
FN:112,(anonymous_6)
FN:124,(anonymous_7)
FN:124,(anonymous_8)
FN:133,(anonymous_9)
FN:145,(anonymous_10)
FNF:11
FNH:11
FNDA:7,(anonymous_0)
FNDA:5,(anonymous_1)
FNDA:5,(anonymous_2)
FNDA:3,(anonymous_3)
FNDA:2,(anonymous_4)
FNDA:2,(anonymous_5)
FNDA:4,(anonymous_6)
FNDA:5,(anonymous_7)
FNDA:5,(anonymous_8)
FNDA:1,(anonymous_9)
FNDA:10,(anonymous_10)
DA:12,7
DA:13,7
DA:30,5
DA:32,4
DA:34,5
DA:35,2
DA:36,3
DA:38,1
DA:40,5
DA:41,5
DA:49,5
DA:50,4
DA:51,4
DA:53,5
DA:64,3
DA:70,3
DA:71,3
DA:72,2
DA:74,3
DA:83,2
DA:84,1
DA:86,1
DA:94,2
DA:102,2
DA:103,1
DA:105,2
DA:113,4
DA:114,4
DA:115,4
DA:116,4
DA:117,4
DA:119,0
DA:123,4
DA:124,5
DA:126,4
DA:134,1
DA:135,1
DA:136,0
DA:137,0
DA:138,0
DA:146,10
DA:147,7
DA:152,1
LF:43
LH:39
BRDA:30,0,0,4
BRDA:30,0,1,1
BRDA:34,1,0,2
BRDA:34,1,1,3
BRDA:36,2,0,1
BRDA:36,2,1,2
BRDA:49,3,0,4
BRDA:49,3,1,1
BRDA:49,4,0,5
BRDA:49,4,1,4
BRDA:51,5,0,0
BRDA:51,5,1,4
BRDA:63,6,0,3
BRDA:71,7,0,2
BRDA:71,7,1,1
BRDA:71,8,0,3
BRDA:71,8,1,2
BRDA:82,9,0,0
BRDA:83,10,0,1
BRDA:83,10,1,1
BRDA:83,11,0,2
BRDA:83,11,1,1
BRDA:102,12,0,1
BRDA:102,12,1,1
BRDA:102,13,0,2
BRDA:102,13,1,1
BRDA:115,14,0,3
BRDA:115,14,1,1
BRDA:116,15,0,4
BRDA:116,15,1,0
BRDA:134,16,0,0
BRDA:134,16,1,1
BRDA:135,17,0,1
BRDA:135,17,1,0
BRDA:136,18,0,0
BRDA:136,18,1,0
BRDA:137,19,0,0
BRDA:137,19,1,0
BRDA:146,20,0,7
BRDA:146,20,1,3
BRDA:146,21,0,10
BRDA:146,21,1,7
BRF:42
BRH:33
end_of_record
TN:
SF:src/core/error-service.js
FN:45,sanitizeContext
FN:64,createError
FN:75,(anonymous_2)
FN:92,createApiError
FNF:4
FNH:2
FNDA:6,sanitizeContext
FNDA:6,createError
FNDA:0,(anonymous_2)
FNDA:0,createApiError
DA:6,6
DA:8,6
DA:9,6
DA:12,0
DA:19,6
DA:33,6
DA:46,6
DA:47,6
DA:48,6
DA:49,6
DA:50,7
DA:51,5
DA:53,6
DA:65,6
DA:74,6
DA:75,6
DA:76,0
DA:77,0
DA:83,6
DA:93,0
DA:103,6
LF:21
LH:17
BRDA:46,0,0,0
BRDA:46,0,1,6
BRDA:46,1,0,6
BRDA:46,1,1,6
BRDA:50,2,0,2
BRDA:50,2,1,5
BRDA:64,3,0,2
BRDA:74,4,0,6
BRDA:74,4,1,0
BRDA:74,5,0,6
BRDA:74,5,1,6
BRF:11
BRH:9
end_of_record
TN:
SF:src/core/event-service.js
FN:7,(anonymous_0)
FN:19,(anonymous_1)
FN:32,(anonymous_2)
FN:48,(anonymous_3)
FN:50,(anonymous_4)
FN:63,(anonymous_5)
FNF:6
FNH:6
FNDA:3,(anonymous_0)
FNDA:6,(anonymous_1)
FNDA:7,(anonymous_2)
FNDA:2,(anonymous_3)
FNDA:2,(anonymous_4)
FNDA:5,(anonymous_5)
DA:8,3
DA:9,3
DA:20,6
DA:21,6
DA:22,6
DA:23,6
DA:33,7
DA:34,5
DA:36,5
DA:37,6
DA:38,5
DA:39,5
DA:49,2
DA:50,2
DA:51,2
DA:52,2
DA:53,2
DA:54,2
DA:64,5
DA:68,3
LF:20
LH:20
BRDA:19,0,0,4
BRDA:20,1,0,5
BRDA:20,1,1,1
BRDA:33,2,0,2
BRDA:33,2,1,5
BRDA:37,3,0,1
BRDA:37,3,1,5
BRDA:37,4,0,6
BRDA:37,4,1,2
BRDA:39,5,0,1
BRDA:39,5,1,4
BRDA:51,6,0,2
BRDA:51,6,1,0
BRDA:53,7,0,2
BRDA:53,7,1,0
BRF:15
BRH:13
end_of_record
TN:
SF:src/core/monitoring-service.js
FN:23,initLogger
FN:47,_resetLoggerForTest
FN:58,logError
FN:78,info
FN:95,warn
FN:112,debug
FN:130,trackMetric
FNF:7
FNH:7
FNDA:12,initLogger
FNDA:5,_resetLoggerForTest
FNDA:1,logError
FNDA:3,info
FNDA:1,warn
FNDA:1,debug
FNDA:1,trackMetric
DA:7,7
DA:8,7
DA:9,7
DA:10,7
DA:13,7
DA:14,7
DA:17,7
DA:18,7
DA:19,7
DA:20,7
DA:24,12
DA:25,12
DA:44,7
DA:48,5
DA:49,5
DA:51,5
DA:59,1
DA:60,1
DA:79,3
DA:80,3
DA:96,1
DA:97,1
DA:113,1
DA:114,1
DA:131,1
DA:132,1
DA:144,7
LF:27
LH:27
BRDA:14,0,0,7
BRDA:14,0,1,7
BRDA:20,1,0,7
BRDA:20,1,1,0
BRDA:23,2,0,7
BRDA:24,3,0,12
BRDA:24,3,1,7
BRDA:24,3,2,7
BRDA:47,4,0,4
BRDA:48,5,0,5
BRDA:48,5,1,0
BRDA:59,6,0,0
BRDA:59,6,1,1
BRDA:78,7,0,1
BRDA:79,8,0,0
BRDA:79,8,1,3
BRDA:95,9,0,0
BRDA:96,10,0,0
BRDA:96,10,1,1
BRDA:112,11,0,0
BRDA:113,12,0,0
BRDA:113,12,1,1
BRDA:130,13,0,0
BRDA:131,14,0,0
BRDA:131,14,1,1
BRF:25
BRH:15
end_of_record
TN:
SF:src/core/storage-service.js
FN:18,getDb
FN:22,encrypt
FN:30,decrypt
FN:39,init
FN:42,(anonymous_4)
FN:43,(anonymous_5)
FN:46,(anonymous_6)
FN:47,(anonymous_7)
FN:54,setSetting
FN:56,(anonymous_9)
FN:57,(anonymous_10)
FN:62,getSetting
FN:64,(anonymous_12)
FN:65,(anonymous_13)
FN:71,setSecure
FN:74,(anonymous_15)
FN:75,(anonymous_16)
FN:80,getSecure
FN:82,(anonymous_18)
FN:83,(anonymous_19)
FN:89,addHistory
FN:91,(anonymous_21)
FN:92,(anonymous_22)
FN:97,getHistory
FN:99,(anonymous_24)
FN:100,(anonymous_25)
FN:103,(anonymous_26)
FNF:27
FNH:25
FNDA:7,getDb
FNDA:1,encrypt
FNDA:1,decrypt
FNDA:1,init
FNDA:1,(anonymous_4)
FNDA:1,(anonymous_5)
FNDA:0,(anonymous_6)
FNDA:0,(anonymous_7)
FNDA:1,setSetting
FNDA:1,(anonymous_9)
FNDA:1,(anonymous_10)
FNDA:1,getSetting
FNDA:1,(anonymous_12)
FNDA:1,(anonymous_13)
FNDA:1,setSecure
FNDA:1,(anonymous_15)
FNDA:1,(anonymous_16)
FNDA:1,getSecure
FNDA:1,(anonymous_18)
FNDA:1,(anonymous_19)
FNDA:1,addHistory
FNDA:1,(anonymous_21)
FNDA:1,(anonymous_22)
FNDA:1,getHistory
FNDA:1,(anonymous_24)
FNDA:1,(anonymous_25)
FNDA:1,(anonymous_26)
DA:6,8
DA:7,8
DA:8,8
DA:9,8
DA:11,8
DA:12,8
DA:14,8
DA:15,0
DA:19,7
DA:23,1
DA:24,1
DA:25,1
DA:26,1
DA:27,1
DA:31,1
DA:32,1
DA:33,1
DA:34,1
DA:35,1
DA:36,1
DA:40,1
DA:41,1
DA:42,1
DA:43,1
DA:44,1
DA:45,1
DA:46,1
DA:47,1
DA:48,1
DA:51,1
DA:55,1
DA:56,1
DA:57,1
DA:59,1
DA:63,1
DA:64,1
DA:65,1
DA:67,1
DA:68,1
DA:72,1
DA:73,1
DA:74,1
DA:75,1
DA:77,1
DA:81,1
DA:82,1
DA:83,1
DA:85,1
DA:86,1
DA:90,1
DA:91,1
DA:92,1
DA:94,1
DA:98,1
DA:99,1
DA:100,1
DA:102,1
DA:103,1
DA:106,8
LF:59
LH:58
BRDA:12,0,0,8
BRDA:12,0,1,8
BRDA:14,1,0,0
BRDA:14,1,1,8
BRDA:40,2,0,0
BRDA:40,2,1,1
BRDA:57,3,0,0
BRDA:57,3,1,1
BRDA:65,4,0,0
BRDA:65,4,1,1
BRDA:68,5,0,1
BRDA:68,5,1,0
BRDA:75,6,0,0
BRDA:75,6,1,1
BRDA:83,7,0,0
BRDA:83,7,1,1
BRDA:86,8,0,1
BRDA:86,8,1,0
BRDA:92,9,0,0
BRDA:92,9,1,1
BRDA:97,10,0,0
BRDA:100,11,0,0
BRDA:100,11,1,1
BRF:23
BRH:12
end_of_record
TN:
SF:src/graph/calendar-service.js
FN:9,normalizeEvent
FN:15,(anonymous_1)
FN:34,getEvents
FN:47,createEvent
FN:53,(anonymous_4)
FN:65,updateEvent
FN:77,getAvailability
FNF:7
FNH:6
FNDA:1,normalizeEvent
FNDA:1,(anonymous_1)
FNDA:2,getEvents
FNDA:2,createEvent
FNDA:0,(anonymous_4)
FNDA:1,updateEvent
FNDA:1,getAvailability
DA:7,1
DA:10,1
DA:15,1
DA:35,2
DA:36,2
DA:37,2
DA:38,2
DA:39,1
DA:48,2
DA:49,2
DA:53,0
DA:56,2
DA:66,1
DA:67,1
DA:78,1
DA:79,1
DA:85,1
DA:86,1
DA:89,1
LF:19
LH:18
BRDA:15,0,0,1
BRDA:15,0,1,0
BRDA:25,1,0,1
BRDA:25,1,1,1
BRDA:34,2,0,0
BRDA:37,3,0,2
BRDA:37,3,1,0
BRDA:37,4,0,2
BRDA:37,4,1,2
BRDA:39,5,0,1
BRDA:39,5,1,0
BRDA:53,6,0,2
BRDA:53,6,1,0
BRDA:54,7,0,2
BRDA:54,7,1,1
BRDA:86,8,0,1
BRDA:86,8,1,0
BRF:17
BRH:11
end_of_record
TN:
SF:src/graph/files-service.js
FN:9,normalizeFile
FN:25,listFiles
FN:37,searchFiles
FN:48,downloadFile
FN:60,uploadFile
FN:70,getFileMetadata
FN:82,createSharingLink
FN:94,getSharingLinks
FN:98,(anonymous_8)
FN:99,(anonymous_9)
FN:108,removeSharingPermission
FN:118,getFileContent
FN:128,setFileContent
FN:139,updateFileContent
FNF:14
FNH:14
FNDA:7,normalizeFile
FNDA:3,listFiles
FNDA:1,searchFiles
FNDA:3,downloadFile
FNDA:1,uploadFile
FNDA:2,getFileMetadata
FNDA:2,createSharingLink
FNDA:1,getSharingLinks
FNDA:1,(anonymous_8)
FNDA:1,(anonymous_9)
FNDA:1,removeSharingPermission
FNDA:2,getFileContent
FNDA:1,setFileContent
FNDA:1,updateFileContent
DA:7,1
DA:10,7
DA:26,3
DA:27,3
DA:28,3
DA:29,2
DA:38,1
DA:39,1
DA:40,1
DA:49,3
DA:51,3
DA:61,1
DA:62,1
DA:71,2
DA:72,2
DA:73,1
DA:83,2
DA:84,2
DA:85,2
DA:86,1
DA:95,1
DA:96,1
DA:97,1
DA:98,1
DA:99,1
DA:109,1
DA:110,1
DA:119,2
DA:129,1
DA:130,1
DA:140,1
DA:142,1
DA:145,1
LF:33
LH:33
BRDA:27,0,0,1
BRDA:27,0,1,2
BRDA:29,1,0,2
BRDA:29,1,1,0
BRDA:40,2,0,1
BRDA:40,2,1,0
BRDA:82,3,0,0
BRDA:86,4,0,1
BRDA:86,4,1,0
BRDA:97,5,0,1
BRDA:97,5,1,0
BRDA:98,6,0,1
BRDA:98,6,1,1
BRF:13
BRH:8
end_of_record
TN:
SF:src/graph/graph-client.js
FN:13,createClient
FN:20,(anonymous_1)
FN:28,(anonymous_2)
FN:31,(anonymous_3)
FN:43,(anonymous_4)
FN:45,(anonymous_5)
FN:62,_fetchWithRetry
FN:78,(anonymous_7)
FN:88,(anonymous_8)
FN:89,(anonymous_9)
FN:96,(anonymous_10)
FN:108,(anonymous_11)
FNF:12
FNH:8
FNDA:3,createClient
FNDA:3,(anonymous_1)
FNDA:2,(anonymous_2)
FNDA:2,(anonymous_3)
FNDA:0,(anonymous_4)
FNDA:0,(anonymous_5)
FNDA:3,_fetchWithRetry
FNDA:0,(anonymous_7)
FNDA:1,(anonymous_8)
FNDA:2,(anonymous_9)
FNDA:2,(anonymous_10)
FNDA:0,(anonymous_11)
DA:6,6
DA:7,6
DA:14,3
DA:15,3
DA:16,3
DA:21,3
DA:29,2
DA:30,2
DA:32,2
DA:44,0
DA:45,0
DA:63,3
DA:64,3
DA:68,3
DA:69,5
DA:74,5
DA:75,2
DA:76,0
DA:77,0
DA:78,0
DA:79,0
DA:81,2
DA:88,6
DA:89,2
DA:90,1
DA:91,1
DA:92,1
DA:93,1
DA:94,1
DA:95,1
DA:96,1
DA:97,2
DA:98,2
DA:99,0
DA:100,0
DA:101,0
DA:103,2
DA:106,1
DA:107,0
DA:108,0
DA:109,0
DA:110,0
DA:112,1
DA:115,6
LF:44
LH:31
BRDA:15,0,0,0
BRDA:15,0,1,3
BRDA:31,1,0,2
BRDA:45,2,0,0
BRDA:45,2,1,0
BRDA:62,3,0,3
BRDA:63,4,0,0
BRDA:63,4,1,3
BRDA:67,5,0,3
BRDA:67,5,1,3
BRDA:72,6,0,1
BRDA:72,6,1,4
BRDA:74,7,0,3
BRDA:74,7,1,2
BRDA:75,8,0,0
BRDA:75,8,1,2
BRDA:76,9,0,0
BRDA:76,9,1,0
BRDA:77,10,0,0
BRDA:77,10,1,0
BRDA:81,11,0,0
BRDA:81,11,1,2
BRDA:88,12,0,1
BRDA:92,13,0,1
BRDA:92,13,1,1
BRDA:96,14,0,1
BRDA:96,14,1,0
BRDA:98,15,0,0
BRDA:98,15,1,2
BRDA:99,16,0,0
BRDA:99,16,1,0
BRDA:99,16,2,0
BRDA:106,17,0,1
BRDA:106,17,1,0
BRDA:107,18,0,0
BRDA:107,18,1,0
BRF:36
BRH:18
end_of_record
TN:
SF:src/graph/mail-service.js
FN:12,normalizeEmail
FN:33,getInbox
FN:46,searchEmails
FN:58,sendEmail
FN:80,flagEmail
FN:90,getAttachments
FNF:6
FNH:6
FNDA:2,normalizeEmail
FNDA:2,getInbox
FNDA:1,searchEmails
FNDA:1,sendEmail
FNDA:1,flagEmail
FNDA:1,getAttachments
DA:7,1
DA:13,2
DA:34,2
DA:35,2
DA:36,2
DA:37,1
DA:47,1
DA:48,1
DA:49,1
DA:50,1
DA:59,1
DA:60,1
DA:71,1
DA:81,1
DA:82,1
DA:91,1
DA:92,1
DA:93,1
DA:96,1
LF:19
LH:19
BRDA:33,0,0,0
BRDA:35,1,0,2
BRDA:35,1,1,0
BRDA:37,2,0,1
BRDA:37,2,1,0
BRDA:46,3,0,0
BRDA:48,4,0,1
BRDA:48,4,1,0
BRDA:50,5,0,1
BRDA:50,5,1,0
BRDA:93,6,0,1
BRDA:93,6,1,0
BRF:12
BRH:5
end_of_record
TN:
SF:src/graph/normalizers.js
FN:11,normalizeEmail
FN:23,(anonymous_1)
FN:41,normalizeFile
FN:65,normalizeEvent
FN:78,(anonymous_4)
FN:98,normalizeUser
FNF:6
FNH:5
FNDA:6,normalizeEmail
FNDA:2,(anonymous_1)
FNDA:10,normalizeFile
FNDA:8,normalizeEvent
FNDA:1,(anonymous_4)
FNDA:0,normalizeUser
DA:12,6
DA:13,2
DA:15,4
DA:23,2
DA:42,10
DA:43,8
DA:66,8
DA:67,6
DA:78,1
DA:99,0
DA:100,0
DA:120,6
LF:12
LH:10
BRDA:12,0,0,2
BRDA:12,0,1,4
BRDA:12,1,0,6
BRDA:12,1,1,5
BRDA:19,2,0,3
BRDA:19,2,1,1
BRDA:19,3,0,4
BRDA:19,3,1,3
BRDA:23,4,0,1
BRDA:23,4,1,3
BRDA:27,5,0,4
BRDA:27,5,1,0
BRDA:28,6,0,4
BRDA:28,6,1,2
BRDA:29,7,0,1
BRDA:29,7,1,3
BRDA:42,8,0,2
BRDA:42,8,1,8
BRDA:42,9,0,10
BRDA:42,9,1,9
BRDA:47,10,0,1
BRDA:47,10,1,7
BRDA:51,11,0,1
BRDA:51,11,1,7
BRDA:52,12,0,0
BRDA:52,12,1,8
BRDA:52,13,0,8
BRDA:52,13,1,0
BRDA:53,14,0,8
BRDA:53,14,1,6
BRDA:54,15,0,8
BRDA:54,15,1,6
BRDA:55,16,0,1
BRDA:55,16,1,7
BRDA:55,17,0,8
BRDA:55,17,1,1
BRDA:56,18,0,8
BRDA:56,18,1,1
BRDA:66,19,0,2
BRDA:66,19,1,6
BRDA:66,20,0,8
BRDA:66,20,1,7
BRDA:71,21,0,6
BRDA:71,21,1,4
BRDA:71,21,2,3
BRDA:72,22,0,6
BRDA:72,22,1,4
BRDA:72,22,2,3
BRDA:73,23,0,1
BRDA:73,23,1,5
BRDA:73,24,0,6
BRDA:73,24,1,1
BRDA:74,25,0,1
BRDA:74,25,1,5
BRDA:74,26,0,6
BRDA:74,26,1,1
BRDA:78,27,0,1
BRDA:78,27,1,5
BRDA:78,28,0,1
BRDA:78,28,1,0
BRDA:86,29,0,1
BRDA:86,29,1,5
BRDA:87,30,0,1
BRDA:87,30,1,5
BRDA:88,31,0,6
BRDA:88,31,1,4
BRDA:89,32,0,6
BRDA:89,32,1,4
BRDA:99,33,0,0
BRDA:99,33,1,0
BRDA:99,34,0,0
BRDA:99,34,1,0
BRDA:106,35,0,0
BRDA:106,35,1,0
BRDA:107,36,0,0
BRDA:107,36,1,0
BRDA:108,37,0,0
BRDA:108,37,1,0
BRDA:109,38,0,0
BRDA:109,38,1,0
BRDA:110,39,0,0
BRDA:110,39,1,0
BRDA:111,40,0,0
BRDA:111,40,1,0
BRDA:112,41,0,0
BRDA:112,41,1,0
BRDA:113,42,0,0
BRDA:113,42,1,0
BRDA:114,43,0,0
BRDA:114,43,1,0
BRDA:115,44,0,0
BRDA:115,44,1,0
BRDA:115,45,0,0
BRDA:115,45,1,0
BRF:94
BRH:64
end_of_record
TN:
SF:src/main/menu.js
FN:5,(anonymous_0)
FN:42,(anonymous_1)
FN:56,setApplicationMenu
FNF:3
FNH:2
FNDA:2,(anonymous_0)
FNDA:1,(anonymous_1)
FNDA:0,setApplicationMenu
DA:5,2
DA:43,1
DA:44,1
DA:57,0
DA:58,0
DA:59,0
DA:60,0
DA:63,1
LF:8
LH:4
BRDA:43,0,0,1
BRDA:43,0,1,0
BRF:2
BRH:1
end_of_record
TN:
SF:src/main/server.js
FN:22,(anonymous_0)
FN:28,(anonymous_1)
FN:39,(anonymous_2)
FN:52,startServer
FN:53,(anonymous_4)
FN:54,(anonymous_5)
FN:60,stopServer
FN:61,(anonymous_7)
FN:63,(anonymous_8)
FNF:9
FNH:8
FNDA:1,(anonymous_0)
FNDA:1,(anonymous_1)
FNDA:0,(anonymous_2)
FNDA:1,startServer
FNDA:1,(anonymous_4)
FNDA:1,(anonymous_5)
FNDA:1,stopServer
FNDA:1,(anonymous_7)
FNDA:1,(anonymous_8)
DA:7,1
DA:8,1
DA:9,1
DA:10,1
DA:11,1
DA:12,1
DA:14,1
DA:17,1
DA:18,1
DA:19,1
DA:22,1
DA:23,1
DA:24,1
DA:28,1
DA:29,1
DA:33,1
DA:34,1
DA:35,1
DA:36,1
DA:39,1
DA:40,0
DA:46,0
DA:47,0
DA:51,1
DA:53,1
DA:54,1
DA:55,1
DA:56,1
DA:61,1
DA:62,1
DA:63,1
DA:64,1
DA:65,1
DA:68,0
DA:73,1
LF:35
LH:31
BRDA:42,0,0,0
BRDA:42,0,1,0
BRDA:52,1,0,0
BRDA:62,2,0,1
BRDA:62,2,1,0
BRDA:64,3,0,0
BRDA:64,3,1,1
BRF:7
BRH:2
end_of_record
TN:
SF:src/main/tray.js
FN:7,setupTray
FN:13,(anonymous_1)
FN:24,(anonymous_2)
FNF:3
FNH:3
FNDA:1,setupTray
FNDA:2,(anonymous_1)
FNDA:1,(anonymous_2)
DA:5,1
DA:8,1
DA:9,1
DA:10,1
DA:14,2
DA:15,1
DA:17,1
DA:25,1
DA:29,1
DA:30,1
DA:31,1
DA:34,1
LF:12
LH:12
BRDA:14,0,0,1
BRDA:14,0,1,1
BRF:2
BRH:2
end_of_record
TN:
SF:src/modules/discover-modules.js
FN:17,discoverModules
FNF:1
FNH:1
FNDA:2,discoverModules
DA:7,1
DA:8,1
DA:9,1
DA:18,2
DA:19,2
DA:20,2
DA:21,6
DA:22,4
DA:23,4
DA:25,4
DA:26,4
DA:27,4
DA:30,2
DA:33,1
LF:14
LH:14
BRDA:21,0,0,2
BRDA:21,0,1,4
BRDA:21,1,0,6
BRDA:21,1,1,4
BRDA:21,1,2,4
BRDA:25,2,0,4
BRDA:25,2,1,0
BRDA:25,3,0,4
BRDA:25,3,1,4
BRDA:25,3,2,4
BRDA:25,3,3,4
BRDA:25,3,4,4
BRDA:25,3,5,4
BRF:13
BRH:12
end_of_record
TN:
SF:src/modules/init-modules.js
FN:14,initializeModules
FNF:1
FNH:1
FNDA:2,initializeModules
DA:6,1
DA:15,2
DA:16,2
DA:17,2
DA:18,2
DA:19,1
DA:21,1
DA:22,1
DA:25,2
DA:28,1
LF:10
LH:10
BRDA:14,0,0,1
BRDA:18,1,0,1
BRDA:18,1,1,1
BRF:3
BRH:3
end_of_record
TN:
SF:src/modules/intent-router.js
FN:16,routeIntent
FN:34,getModulesForIntent
FNF:2
FNH:2
FNDA:2,routeIntent
FNDA:1,getModulesForIntent
DA:6,1
DA:17,2
DA:18,2
DA:19,1
DA:22,1
DA:23,1
DA:24,0
DA:26,1
DA:35,1
DA:38,1
LF:10
LH:9
BRDA:16,0,0,1
BRDA:16,1,0,1
BRDA:18,2,0,1
BRDA:18,2,1,1
BRDA:23,3,0,0
BRDA:23,3,1,1
BRF:6
BRH:5
end_of_record
TN:
SF:src/modules/module-registry.js
FN:12,(anonymous_0)
FN:23,(anonymous_1)
FN:45,(anonymous_2)
FN:53,(anonymous_3)
FN:62,(anonymous_4)
FN:65,(anonymous_5)
FN:72,(anonymous_6)
FNF:7
FNH:7
FNDA:6,(anonymous_0)
FNDA:25,(anonymous_1)
FNDA:5,(anonymous_2)
FNDA:3,(anonymous_3)
FNDA:7,(anonymous_4)
FNDA:7,(anonymous_5)
FNDA:4,(anonymous_6)
DA:14,6
DA:16,6
DA:24,25
DA:25,2
DA:27,23
DA:28,1
DA:30,22
DA:32,22
DA:33,22
DA:34,61
DA:35,61
DA:46,5
DA:54,3
DA:63,7
DA:64,7
DA:65,7
DA:73,4
DA:77,6
LF:18
LH:18
BRDA:24,0,0,2
BRDA:24,0,1,23
BRDA:24,1,0,25
BRDA:24,1,1,24
BRDA:24,1,2,24
BRDA:27,2,0,1
BRDA:27,2,1,22
BRDA:32,3,0,22
BRDA:32,3,1,0
BRDA:34,4,0,59
BRDA:34,4,1,2
BRDA:64,5,0,2
BRDA:64,5,1,5
BRF:13
BRH:12
end_of_record
TN:
SF:src/modules/calendar/index.js
FN:25,(anonymous_0)
FN:36,(anonymous_1)
FNF:2
FNH:2
FNDA:8,(anonymous_0)
FNDA:6,(anonymous_1)
DA:6,3
DA:8,3
DA:16,3
DA:26,8
DA:27,8
DA:37,6
DA:38,6
DA:40,1
DA:41,1
DA:42,1
DA:43,1
DA:44,1
DA:45,1
DA:46,1
DA:48,1
DA:51,1
DA:52,1
DA:53,1
DA:56,1
DA:57,1
DA:58,1
DA:61,1
DA:62,1
DA:63,1
DA:67,1
DA:68,1
DA:69,1
DA:70,1
DA:71,1
DA:72,1
DA:75,1
DA:80,3
LF:32
LH:32
BRDA:36,0,0,1
BRDA:36,1,0,1
BRDA:37,2,0,6
BRDA:37,2,1,0
BRDA:38,3,0,1
BRDA:38,3,1,1
BRDA:38,3,2,1
BRDA:38,3,3,1
BRDA:38,3,4,1
BRDA:38,3,5,1
BRDA:40,4,0,1
BRDA:40,4,1,0
BRDA:42,5,0,1
BRDA:42,5,1,1
BRDA:43,6,0,1
BRDA:43,6,1,0
BRDA:45,7,0,1
BRDA:45,7,1,0
BRDA:46,8,0,1
BRDA:46,8,1,0
BRDA:68,9,0,0
BRDA:68,9,1,1
BRDA:70,10,0,0
BRDA:70,10,1,1
BRF:24
BRH:17
end_of_record
TN:
SF:src/modules/files/index.js
FN:31,(anonymous_0)
FN:42,(anonymous_1)
FNF:2
FNH:2
FNDA:14,(anonymous_0)
FNDA:12,(anonymous_1)
DA:6,3
DA:8,3
DA:22,3
DA:32,14
DA:33,14
DA:43,12
DA:44,12
DA:46,1
DA:47,1
DA:48,1
DA:49,1
DA:50,1
DA:51,1
DA:52,1
DA:54,1
DA:57,1
DA:58,1
DA:59,1
DA:60,1
DA:61,1
DA:62,1
DA:63,1
DA:65,1
DA:68,1
DA:69,1
DA:70,1
DA:73,1
DA:74,1
DA:75,1
DA:78,1
DA:79,1
DA:80,1
DA:83,1
DA:84,1
DA:85,1
DA:88,1
DA:89,1
DA:90,1
DA:93,1
DA:94,1
DA:95,1
DA:98,1
DA:99,1
DA:100,1
DA:103,1
DA:104,1
DA:105,1
DA:108,1
DA:109,1
DA:110,1
DA:113,1
DA:118,3
LF:52
LH:52
BRDA:42,0,0,1
BRDA:42,1,0,1
BRDA:43,2,0,12
BRDA:43,2,1,0
BRDA:44,3,0,1
BRDA:44,3,1,1
BRDA:44,3,2,1
BRDA:44,3,3,1
BRDA:44,3,4,1
BRDA:44,3,5,1
BRDA:44,3,6,1
BRDA:44,3,7,1
BRDA:44,3,8,1
BRDA:44,3,9,1
BRDA:44,3,10,1
BRDA:44,3,11,1
BRDA:46,4,0,1
BRDA:46,4,1,1
BRDA:47,5,0,1
BRDA:47,5,1,1
BRDA:48,6,0,1
BRDA:48,6,1,1
BRDA:49,7,0,1
BRDA:49,7,1,0
BRDA:51,8,0,1
BRDA:51,8,1,0
BRDA:52,9,0,1
BRDA:52,9,1,0
BRDA:57,10,0,1
BRDA:57,10,1,0
BRDA:59,11,0,1
BRDA:59,11,1,1
BRDA:60,12,0,1
BRDA:60,12,1,0
BRDA:62,13,0,1
BRDA:62,13,1,0
BRDA:63,14,0,1
BRDA:63,14,1,0
BRF:38
BRH:30
end_of_record
TN:
SF:src/modules/mail/index.js
FN:25,(anonymous_0)
FN:36,(anonymous_1)
FNF:2
FNH:2
FNDA:8,(anonymous_0)
FNDA:6,(anonymous_1)
DA:6,3
DA:8,3
DA:16,3
DA:26,8
DA:27,8
DA:37,6
DA:38,6
DA:40,1
DA:42,1
DA:43,1
DA:44,1
DA:45,1
DA:46,1
DA:47,1
DA:49,1
DA:52,1
DA:53,1
DA:54,1
DA:55,1
DA:56,1
DA:57,1
DA:58,1
DA:60,1
DA:63,1
DA:64,1
DA:65,1
DA:68,1
DA:69,1
DA:70,1
DA:73,1
DA:74,1
DA:75,1
DA:78,1
DA:83,3
LF:34
LH:34
BRDA:36,0,0,1
BRDA:36,1,0,1
BRDA:37,2,0,6
BRDA:37,2,1,0
BRDA:38,3,0,1
BRDA:38,3,1,1
BRDA:38,3,2,1
BRDA:38,3,3,1
BRDA:38,3,4,1
BRDA:38,3,5,1
BRDA:40,4,0,1
BRDA:40,4,1,0
BRDA:43,5,0,1
BRDA:43,5,1,1
BRDA:44,6,0,1
BRDA:44,6,1,0
BRDA:46,7,0,1
BRDA:46,7,1,0
BRDA:47,8,0,1
BRDA:47,8,1,0
BRDA:52,9,0,1
BRDA:52,9,1,0
BRDA:54,10,0,1
BRDA:54,10,1,1
BRDA:55,11,0,1
BRDA:55,11,1,0
BRDA:57,12,0,1
BRDA:57,12,1,0
BRDA:58,13,0,1
BRDA:58,13,1,0
BRF:30
BRH:21
end_of_record
TN:
SF:src/nlu/intent-router.js
FN:23,(anonymous_0)
FN:26,(anonymous_1)
FN:34,(anonymous_2)
FN:49,(anonymous_3)
FNF:4
FNH:4
FNDA:1,(anonymous_0)
FNDA:1,(anonymous_1)
FNDA:2,(anonymous_2)
FNDA:1,(anonymous_3)
DA:6,1
DA:8,1
DA:16,1
DA:24,1
DA:26,1
DA:35,2
DA:36,5
DA:37,1
DA:40,1
DA:51,1
DA:55,1
LF:11
LH:11
BRDA:23,0,0,1
BRDA:24,1,0,1
BRDA:24,1,1,0
BRDA:36,2,0,1
BRDA:36,2,1,4
BRDA:49,3,0,1
BRDA:51,4,0,1
BRDA:51,4,1,0
BRDA:51,5,0,1
BRDA:51,5,1,1
BRF:10
BRH:8
end_of_record
TN:
SF:src/nlu/llm-service.js
FN:9,(anonymous_0)
FN:17,(anonymous_1)
FN:26,(anonymous_2)
FN:40,(anonymous_3)
FN:49,(anonymous_4)
FNF:5
FNH:5
FNDA:1,(anonymous_0)
FNDA:6,(anonymous_1)
FNDA:3,(anonymous_2)
FNDA:1,(anonymous_3)
FNDA:1,(anonymous_4)
DA:6,1
DA:10,1
DA:18,6
DA:27,3
DA:28,1
DA:29,2
DA:30,1
DA:32,1
DA:42,1
DA:51,1
DA:55,1
LF:11
LH:11
BRDA:10,0,0,1
BRDA:10,0,1,1
BRDA:27,1,0,1
BRDA:27,1,1,2
BRDA:29,2,0,1
BRDA:29,2,1,1
BRF:6
BRH:6
end_of_record
TN:
SF:src/nlu/nlu-agent.js
FN:14,(anonymous_0)
FN:26,(anonymous_1)
FN:61,defaultEntityRecognizer
FNF:3
FNH:2
FNDA:3,(anonymous_0)
FNDA:3,(anonymous_1)
FNDA:0,defaultEntityRecognizer
DA:15,3
DA:16,3
DA:17,3
DA:27,3
DA:28,3
DA:30,3
DA:31,3
DA:33,2
DA:34,2
DA:35,1
DA:36,1
DA:39,1
DA:40,1
DA:43,2
DA:45,2
DA:46,1
DA:48,2
DA:51,1
DA:63,0
DA:64,0
DA:65,0
DA:66,0
DA:67,0
DA:68,0
DA:69,0
DA:70,0
DA:73,1
LF:27
LH:19
BRDA:14,0,0,0
BRDA:15,1,0,3
BRDA:15,1,1,0
BRDA:16,2,0,3
BRDA:16,2,1,2
BRDA:17,3,0,3
BRDA:17,3,1,0
BRDA:26,4,0,2
BRDA:36,5,0,1
BRDA:36,5,1,0
BRDA:45,6,0,1
BRDA:45,6,1,1
BRDA:45,7,0,2
BRDA:45,7,1,1
BRDA:65,8,0,0
BRDA:65,8,1,0
BRDA:67,9,0,0
BRDA:67,9,1,0
BRDA:69,10,0,0
BRDA:69,10,1,0
BRF:20
BRH:10
end_of_record
TN:
SF:src/renderer/app.js
FN:11,(anonymous_0)
FN:22,(anonymous_1)
FN:39,(anonymous_2)
FN:40,(anonymous_3)
FN:48,(anonymous_4)
FN:68,(anonymous_5)
FNF:6
FNH:4
FNDA:3,(anonymous_0)
FNDA:3,(anonymous_1)
FNDA:0,(anonymous_2)
FNDA:0,(anonymous_3)
FNDA:2,(anonymous_4)
FNDA:2,(anonymous_5)
DA:12,3
DA:13,3
DA:14,3
DA:15,3
DA:16,3
DA:23,3
DA:25,3
DA:26,3
DA:27,3
DA:29,3
DA:30,3
DA:31,3
DA:32,3
DA:33,3
DA:35,3
DA:36,3
DA:37,3
DA:38,3
DA:39,3
DA:40,3
DA:41,0
DA:49,2
DA:50,2
DA:51,1
DA:53,1
DA:55,1
DA:56,1
DA:57,1
DA:59,0
DA:69,2
DA:70,2
DA:71,2
DA:72,2
DA:73,2
LF:34
LH:32
BRDA:41,0,0,0
BRDA:41,0,1,0
BRDA:50,1,0,1
BRDA:50,1,1,1
BRDA:57,2,0,1
BRDA:57,2,1,0
BRDA:59,3,0,0
BRDA:59,3,1,0
BRF:8
BRH:3
end_of_record
TN:
SF:src/renderer/components/Conversation.js
FN:9,(anonymous_0)
FN:21,(anonymous_1)
FN:23,(anonymous_2)
FN:34,(anonymous_3)
FN:45,(anonymous_4)
FNF:5
FNH:5
FNDA:3,(anonymous_0)
FNDA:2,(anonymous_1)
FNDA:3,(anonymous_2)
FNDA:4,(anonymous_3)
FNDA:1,(anonymous_4)
DA:10,3
DA:11,3
DA:12,3
DA:13,3
DA:14,3
DA:22,2
DA:23,2
DA:24,3
DA:26,2
DA:35,4
DA:36,4
DA:37,4
DA:38,4
DA:39,4
DA:46,1
LF:15
LH:15
BRF:0
BRH:0
end_of_record
TN:
SF:src/renderer/components/InputForm.js
FN:15,(anonymous_0)
FN:32,(anonymous_1)
FN:33,(anonymous_2)
FN:42,(anonymous_3)
FN:54,(anonymous_4)
FN:61,(anonymous_5)
FNF:6
FNH:6
FNDA:5,(anonymous_0)
FNDA:2,(anonymous_1)
FNDA:1,(anonymous_2)
FNDA:3,(anonymous_3)
FNDA:1,(anonymous_4)
FNDA:1,(anonymous_5)
DA:16,5
DA:17,5
DA:18,5
DA:19,5
DA:21,5
DA:22,5
DA:23,5
DA:24,5
DA:25,5
DA:27,5
DA:28,5
DA:29,5
DA:30,5
DA:32,5
DA:33,5
DA:34,1
DA:36,5
DA:43,3
DA:44,3
DA:45,2
DA:46,2
DA:47,2
DA:55,1
DA:62,1
LF:24
LH:24
BRDA:34,0,0,1
BRDA:34,0,1,0
BRDA:44,1,0,1
BRDA:44,1,1,2
BRDA:46,2,0,2
BRDA:46,2,1,0
BRF:6
BRH:4
end_of_record
TN:
SF:src/renderer/components/LoadingIndicator.js
FN:15,(anonymous_0)
FN:29,(anonymous_1)
FN:37,(anonymous_2)
FN:45,(anonymous_3)
FNF:4
FNH:4
FNDA:3,(anonymous_0)
FNDA:2,(anonymous_1)
FNDA:1,(anonymous_2)
FNDA:1,(anonymous_3)
DA:16,3
DA:17,3
DA:18,3
DA:19,3
DA:20,3
DA:21,3
DA:22,3
DA:30,2
DA:31,2
DA:38,1
DA:46,1
LF:11
LH:11
BRDA:15,0,0,2
BRDA:21,1,0,3
BRDA:21,1,1,2
BRDA:30,2,0,1
BRDA:30,2,1,1
BRF:5
BRH:5
end_of_record
TN:
SF:src/renderer/components/Message.js
FN:12,Message
FNF:1
FNH:1
FNDA:2,Message
DA:13,2
DA:14,2
DA:15,2
DA:16,2
LF:4
LH:4
BRF:0
BRH:0
end_of_record
TN:
SF:src/renderer/components/SettingsPanel.js
FN:15,(anonymous_0)
FN:28,(anonymous_1)
FN:45,(anonymous_2)
FN:52,(anonymous_3)
FN:59,(anonymous_4)
FN:66,(anonymous_5)
FNF:6
FNH:6
FNDA:3,(anonymous_0)
FNDA:3,(anonymous_1)
FNDA:1,(anonymous_2)
FNDA:3,(anonymous_3)
FNDA:2,(anonymous_4)
FNDA:1,(anonymous_5)
DA:16,3
DA:17,3
DA:18,3
DA:19,3
DA:20,3
DA:21,3
DA:22,3
DA:29,3
DA:30,3
DA:31,3
DA:32,3
DA:34,3
DA:35,3
DA:36,3
DA:37,3
DA:38,3
DA:39,3
DA:40,3
DA:41,3
DA:43,3
DA:44,3
DA:45,3
DA:46,3
DA:53,3
DA:60,2
DA:67,1
DA:68,1
DA:69,1
DA:71,1
LF:29
LH:29
BRDA:15,0,0,0
BRDA:68,1,0,1
BRDA:68,1,1,0
BRF:3
BRH:1
end_of_record
TN:
SF:test/unit/modules/mock-modules/a.js
FN:1,(anonymous_0)
FN:1,(anonymous_1)
FNF:2
FNH:0
FNDA:0,(anonymous_0)
FNDA:0,(anonymous_1)
DA:1,1
LF:1
LH:1
BRF:0
BRH:0
end_of_record
TN:
SF:test/unit/modules/mock-modules/b.js
FN:1,(anonymous_0)
FN:1,(anonymous_1)
FNF:2
FNH:0
FNDA:0,(anonymous_0)
FNDA:0,(anonymous_1)
DA:1,1
LF:1
LH:1
BRF:0
BRH:0
end_of_record
